{"/home/runner/work/fiap_04_dominio/fiap_04_dominio/src/app.module.ts": {"path":"/home/runner/work/fiap_04_dominio/fiap_04_dominio/src/app.module.ts","statementMap":{"0":{"start":{"line":1,"column":0},"end":{"line":1,"column":40}},"1":{"start":{"line":2,"column":0},"end":{"line":2,"column":46}},"2":{"start":{"line":3,"column":0},"end":{"line":3,"column":42}},"3":{"start":{"line":4,"column":0},"end":{"line":4,"column":48}},"4":{"start":{"line":5,"column":0},"end":{"line":5,"column":60}},"5":{"start":{"line":6,"column":0},"end":{"line":6,"column":69}},"6":{"start":{"line":7,"column":0},"end":{"line":7,"column":80}},"7":{"start":{"line":8,"column":0},"end":{"line":8,"column":81}},"8":{"start":{"line":30,"column":7},"end":{"line":30,"column":null}},"9":{"start":{"line":30,"column":13},"end":{"line":30,"column":22}},"10":{"start":{"line":30,"column":13},"end":{"line":30,"column":null}}},"fnMap":{},"branchMap":{},"s":{"0":0,"1":0,"2":0,"3":0,"4":0,"5":0,"6":0,"7":0,"8":0,"9":0,"10":0},"f":{},"b":{}}
,"/home/runner/work/fiap_04_dominio/fiap_04_dominio/src/main.ts": {"path":"/home/runner/work/fiap_04_dominio/fiap_04_dominio/src/main.ts","statementMap":{"0":{"start":{"line":5,"column":0},"end":{"line":5,"column":7}},"1":{"start":{"line":1,"column":0},"end":{"line":1,"column":43}},"2":{"start":{"line":2,"column":0},"end":{"line":2,"column":41}},"3":{"start":{"line":3,"column":0},"end":{"line":3,"column":65}},"4":{"start":{"line":6,"column":14},"end":{"line":6,"column":49}},"5":{"start":{"line":8,"column":17},"end":{"line":22,"column":12}},"6":{"start":{"line":23,"column":19},"end":{"line":23,"column":60}},"7":{"start":{"line":24,"column":2},"end":{"line":24,"column":49}},"8":{"start":{"line":26,"column":2},"end":{"line":26,"column":36}},"9":{"start":{"line":28,"column":0},"end":{"line":28,"column":12}}},"fnMap":{"0":{"name":"bootstrap","decl":{"start":{"line":5,"column":22},"end":{"line":5,"column":31}},"loc":{"start":{"line":5,"column":31},"end":{"line":27,"column":1}}}},"branchMap":{},"s":{"0":0,"1":0,"2":0,"3":0,"4":0,"5":0,"6":0,"7":0,"8":0,"9":0},"f":{"0":0},"b":{}}
,"/home/runner/work/fiap_04_dominio/fiap_04_dominio/src/adapters/adapters.module.ts": {"path":"/home/runner/work/fiap_04_dominio/fiap_04_dominio/src/adapters/adapters.module.ts","statementMap":{"0":{"start":{"line":1,"column":0},"end":{"line":1,"column":40}},"1":{"start":{"line":2,"column":0},"end":{"line":2,"column":69}},"2":{"start":{"line":3,"column":0},"end":{"line":3,"column":66}},"3":{"start":{"line":8,"column":7},"end":{"line":8,"column":null}},"4":{"start":{"line":8,"column":13},"end":{"line":8,"column":27}},"5":{"start":{"line":8,"column":13},"end":{"line":8,"column":null}}},"fnMap":{},"branchMap":{},"s":{"0":0,"1":0,"2":0,"3":0,"4":0,"5":0},"f":{},"b":{}}
,"/home/runner/work/fiap_04_dominio/fiap_04_dominio/src/adapters/category/controller/CategoryAdapterController.ts": {"path":"/home/runner/work/fiap_04_dominio/fiap_04_dominio/src/adapters/category/controller/CategoryAdapterController.ts","statementMap":{"0":{"start":{"line":1,"column":0},"end":{"line":1,"column":44}},"1":{"start":{"line":3,"column":0},"end":{"line":3,"column":87}},"2":{"start":{"line":4,"column":0},"end":{"line":4,"column":93}},"3":{"start":{"line":6,"column":0},"end":{"line":6,"column":67}},"4":{"start":{"line":9,"column":7},"end":{"line":40,"column":null}},"5":{"start":{"line":11,"column":21},"end":{"line":11,"column":30}},"6":{"start":{"line":12,"column":12},"end":{"line":12,"column":21}},"7":{"start":{"line":13,"column":12},"end":{"line":13,"column":23}},"8":{"start":{"line":17,"column":21},"end":{"line":17,"column":77}},"9":{"start":{"line":18,"column":19},"end":{"line":18,"column":52}},"10":{"start":{"line":19,"column":4},"end":{"line":19,"column":61}},"11":{"start":{"line":23,"column":19},"end":{"line":23,"column":45}},"12":{"start":{"line":24,"column":4},"end":{"line":24,"column":61}},"13":{"start":{"line":27,"column":19},"end":{"line":27,"column":50}},"14":{"start":{"line":28,"column":4},"end":{"line":28,"column":61}},"15":{"start":{"line":32,"column":4},"end":{"line":32,"column":35}},"16":{"start":{"line":36,"column":21},"end":{"line":36,"column":63}},"17":{"start":{"line":37,"column":19},"end":{"line":37,"column":58}},"18":{"start":{"line":38,"column":4},"end":{"line":38,"column":61}},"19":{"start":{"line":9,"column":13},"end":{"line":9,"column":38}},"20":{"start":{"line":9,"column":13},"end":{"line":40,"column":null}}},"fnMap":{"0":{"name":"(anonymous_2)","decl":{"start":{"line":10,"column":2},"end":{"line":10,"column":null}},"loc":{"start":{"line":13,"column":40},"end":{"line":14,"column":6}}},"1":{"name":"(anonymous_3)","decl":{"start":{"line":16,"column":2},"end":{"line":16,"column":7}},"loc":{"start":{"line":16,"column":49},"end":{"line":20,"column":3}}},"2":{"name":"(anonymous_4)","decl":{"start":{"line":22,"column":2},"end":{"line":22,"column":7}},"loc":{"start":{"line":22,"column":22},"end":{"line":25,"column":3}}},"3":{"name":"(anonymous_5)","decl":{"start":{"line":26,"column":2},"end":{"line":26,"column":7}},"loc":{"start":{"line":26,"column":27},"end":{"line":29,"column":3}}},"4":{"name":"(anonymous_6)","decl":{"start":{"line":31,"column":2},"end":{"line":31,"column":7}},"loc":{"start":{"line":31,"column":25},"end":{"line":33,"column":3}}},"5":{"name":"(anonymous_7)","decl":{"start":{"line":35,"column":2},"end":{"line":35,"column":7}},"loc":{"start":{"line":35,"column":49},"end":{"line":39,"column":3}}}},"branchMap":{},"s":{"0":2,"1":2,"2":2,"3":2,"4":2,"5":6,"6":6,"7":6,"8":1,"9":1,"10":1,"11":1,"12":1,"13":1,"14":1,"15":1,"16":1,"17":1,"18":1,"19":2,"20":2},"f":{"0":6,"1":1,"2":1,"3":1,"4":1,"5":1},"b":{}}
,"/home/runner/work/fiap_04_dominio/fiap_04_dominio/src/adapters/category/dto/category.dto.ts": {"path":"/home/runner/work/fiap_04_dominio/fiap_04_dominio/src/adapters/category/dto/category.dto.ts","statementMap":{"0":{"start":{"line":1,"column":0},"end":{"line":1,"column":46}},"1":{"start":{"line":2,"column":0},"end":{"line":2,"column":58}},"2":{"start":{"line":4,"column":0},"end":{"line":4,"column":13}},"3":{"start":{"line":6,"column":2},"end":{"line":6,"column":null}}},"fnMap":{},"branchMap":{},"s":{"0":2,"1":2,"2":2,"3":2},"f":{},"b":{}}
,"/home/runner/work/fiap_04_dominio/fiap_04_dominio/src/adapters/category/dto/create-category.dto.ts": {"path":"/home/runner/work/fiap_04_dominio/fiap_04_dominio/src/adapters/category/dto/create-category.dto.ts","statementMap":{"0":{"start":{"line":1,"column":0},"end":{"line":1,"column":46}},"1":{"start":{"line":3,"column":0},"end":{"line":3,"column":13}},"2":{"start":{"line":14,"column":2},"end":{"line":14,"column":null}},"3":{"start":{"line":26,"column":2},"end":{"line":26,"column":null}}},"fnMap":{},"branchMap":{},"s":{"0":2,"1":2,"2":2,"3":2},"f":{},"b":{}}
,"/home/runner/work/fiap_04_dominio/fiap_04_dominio/src/adapters/category/gateway/Category.entity.ts": {"path":"/home/runner/work/fiap_04_dominio/fiap_04_dominio/src/adapters/category/gateway/Category.entity.ts","statementMap":{"0":{"start":{"line":1,"column":0},"end":{"line":1,"column":71}},"1":{"start":{"line":2,"column":0},"end":{"line":2,"column":76}},"2":{"start":{"line":5,"column":7},"end":{"line":17,"column":null}},"3":{"start":{"line":5,"column":13},"end":{"line":5,"column":27}},"4":{"start":{"line":7,"column":2},"end":{"line":7,"column":null}},"5":{"start":{"line":10,"column":2},"end":{"line":10,"column":null}},"6":{"start":{"line":13,"column":2},"end":{"line":13,"column":null}},"7":{"start":{"line":16,"column":2},"end":{"line":16,"column":null}},"8":{"start":{"line":15,"column":19},"end":{"line":15,"column":32}},"9":{"start":{"line":15,"column":47},"end":{"line":15,"column":63}},"10":{"start":{"line":5,"column":13},"end":{"line":17,"column":null}}},"fnMap":{"0":{"name":"(anonymous_2)","decl":{"start":{"line":15,"column":13},"end":{"line":15,"column":16}},"loc":{"start":{"line":15,"column":19},"end":{"line":15,"column":32}}},"1":{"name":"(anonymous_3)","decl":{"start":{"line":15,"column":34},"end":{"line":15,"column":35}},"loc":{"start":{"line":15,"column":47},"end":{"line":15,"column":63}}}},"branchMap":{},"s":{"0":2,"1":2,"2":2,"3":2,"4":2,"5":2,"6":2,"7":2,"8":0,"9":0,"10":2},"f":{"0":0,"1":0},"b":{}}
,"/home/runner/work/fiap_04_dominio/fiap_04_dominio/src/adapters/category/gateway/CategoryGateway.ts": {"path":"/home/runner/work/fiap_04_dominio/fiap_04_dominio/src/adapters/category/gateway/CategoryGateway.ts","statementMap":{"0":{"start":{"line":1,"column":0},"end":{"line":1,"column":51}},"1":{"start":{"line":2,"column":0},"end":{"line":2,"column":74}},"2":{"start":{"line":4,"column":0},"end":{"line":4,"column":72}},"3":{"start":{"line":5,"column":0},"end":{"line":5,"column":88}},"4":{"start":{"line":6,"column":0},"end":{"line":6,"column":37}},"5":{"start":{"line":8,"column":0},"end":{"line":8,"column":51}},"6":{"start":{"line":10,"column":0},"end":{"line":103,"column":null}},"7":{"start":{"line":13,"column":21},"end":{"line":13,"column":33}},"8":{"start":{"line":17,"column":17},"end":{"line":17,"column":51}},"9":{"start":{"line":18,"column":4},"end":{"line":18,"column":48}},"10":{"start":{"line":19,"column":4},"end":{"line":19,"column":44}},"11":{"start":{"line":23,"column":27},"end":{"line":28,"column":6}},"12":{"start":{"line":29,"column":4},"end":{"line":31,"column":5}},"13":{"start":{"line":30,"column":6},"end":{"line":30,"column":66}},"14":{"start":{"line":32,"column":21},"end":{"line":32,"column":61}},"15":{"start":{"line":33,"column":4},"end":{"line":33,"column":20}},"16":{"start":{"line":37,"column":27},"end":{"line":37,"column":59}},"17":{"start":{"line":38,"column":21},"end":{"line":38,"column":61}},"18":{"start":{"line":39,"column":4},"end":{"line":39,"column":20}},"19":{"start":{"line":43,"column":19},"end":{"line":43,"column":58}},"20":{"start":{"line":44,"column":4},"end":{"line":46,"column":5}},"21":{"start":{"line":45,"column":6},"end":{"line":45,"column":66}},"22":{"start":{"line":47,"column":4},"end":{"line":47,"column":18}},"23":{"start":{"line":51,"column":19},"end":{"line":51,"column":37}},"24":{"start":{"line":52,"column":4},"end":{"line":52,"column":38}},"25":{"start":{"line":56,"column":19},"end":{"line":56,"column":51}},"26":{"start":{"line":57,"column":4},"end":{"line":57,"column":32}},"27":{"start":{"line":58,"column":4},"end":{"line":58,"column":46}},"28":{"start":{"line":59,"column":4},"end":{"line":59,"column":39}},"29":{"start":{"line":60,"column":27},"end":{"line":60,"column":59}},"30":{"start":{"line":61,"column":4},"end":{"line":61,"column":26}},"31":{"start":{"line":65,"column":19},"end":{"line":65,"column":39}},"32":{"start":{"line":66,"column":4},"end":{"line":66,"column":32}},"33":{"start":{"line":67,"column":4},"end":{"line":67,"column":46}},"34":{"start":{"line":68,"column":4},"end":{"line":68,"column":18}},"35":{"start":{"line":72,"column":4},"end":{"line":74,"column":5}},"36":{"start":{"line":73,"column":6},"end":{"line":73,"column":18}},"37":{"start":{"line":75,"column":20},"end":{"line":75,"column":22}},"38":{"start":{"line":76,"column":4},"end":{"line":89,"column":5}},"39":{"start":{"line":77,"column":6},"end":{"line":88,"column":9}},"40":{"start":{"line":78,"column":8},"end":{"line":87,"column":10}},"41":{"start":{"line":90,"column":21},"end":{"line":94,"column":null}},"42":{"start":{"line":96,"column":4},"end":{"line":96,"column":20}},"43":{"start":{"line":100,"column":21},"end":{"line":100,"column":72}},"44":{"start":{"line":101,"column":4},"end":{"line":101,"column":20}},"45":{"start":{"line":10,"column":13},"end":{"line":10,"column":28}},"46":{"start":{"line":10,"column":13},"end":{"line":103,"column":null}}},"fnMap":{"0":{"name":"(anonymous_4)","decl":{"start":{"line":11,"column":2},"end":{"line":11,"column":null}},"loc":{"start":{"line":13,"column":59},"end":{"line":14,"column":6}}},"1":{"name":"(anonymous_5)","decl":{"start":{"line":16,"column":2},"end":{"line":16,"column":7}},"loc":{"start":{"line":16,"column":31},"end":{"line":20,"column":3}}},"2":{"name":"(anonymous_6)","decl":{"start":{"line":22,"column":2},"end":{"line":22,"column":7}},"loc":{"start":{"line":22,"column":22},"end":{"line":34,"column":3}}},"3":{"name":"(anonymous_7)","decl":{"start":{"line":36,"column":2},"end":{"line":36,"column":7}},"loc":{"start":{"line":36,"column":27},"end":{"line":40,"column":3}}},"4":{"name":"(anonymous_8)","decl":{"start":{"line":42,"column":10},"end":{"line":42,"column":15}},"loc":{"start":{"line":42,"column":44},"end":{"line":48,"column":3}}},"5":{"name":"(anonymous_9)","decl":{"start":{"line":50,"column":2},"end":{"line":50,"column":7}},"loc":{"start":{"line":50,"column":25},"end":{"line":53,"column":3}}},"6":{"name":"(anonymous_10)","decl":{"start":{"line":55,"column":2},"end":{"line":55,"column":7}},"loc":{"start":{"line":55,"column":45},"end":{"line":62,"column":3}}},"7":{"name":"(anonymous_11)","decl":{"start":{"line":64,"column":10},"end":{"line":64,"column":29}},"loc":{"start":{"line":64,"column":48},"end":{"line":69,"column":3}}},"8":{"name":"(anonymous_12)","decl":{"start":{"line":71,"column":10},"end":{"line":71,"column":29}},"loc":{"start":{"line":71,"column":60},"end":{"line":97,"column":3}}},"9":{"name":"(anonymous_13)","decl":{"start":{"line":77,"column":38},"end":{"line":77,"column":39}},"loc":{"start":{"line":77,"column":50},"end":{"line":88,"column":7}}},"10":{"name":"(anonymous_14)","decl":{"start":{"line":99,"column":2},"end":{"line":99,"column":26}},"loc":{"start":{"line":99,"column":49},"end":{"line":102,"column":3}}}},"branchMap":{"0":{"loc":{"start":{"line":29,"column":4},"end":{"line":31,"column":5}},"type":"if","locations":[{"start":{"line":29,"column":4},"end":{"line":31,"column":5}}]},"1":{"loc":{"start":{"line":44,"column":4},"end":{"line":46,"column":5}},"type":"if","locations":[{"start":{"line":44,"column":4},"end":{"line":46,"column":5}}]},"2":{"loc":{"start":{"line":72,"column":4},"end":{"line":74,"column":5}},"type":"if","locations":[{"start":{"line":72,"column":4},"end":{"line":74,"column":5}}]},"3":{"loc":{"start":{"line":76,"column":4},"end":{"line":89,"column":5}},"type":"if","locations":[{"start":{"line":76,"column":4},"end":{"line":89,"column":5}}]}},"s":{"0":1,"1":1,"2":1,"3":1,"4":1,"5":1,"6":1,"7":10,"8":1,"9":1,"10":1,"11":2,"12":2,"13":1,"14":1,"15":1,"16":1,"17":1,"18":1,"19":0,"20":0,"21":0,"22":0,"23":2,"24":1,"25":2,"26":1,"27":1,"28":1,"29":1,"30":1,"31":1,"32":1,"33":1,"34":1,"35":4,"36":0,"37":4,"38":4,"39":1,"40":0,"41":4,"42":4,"43":1,"44":1,"45":1,"46":1},"f":{"0":10,"1":1,"2":2,"3":1,"4":0,"5":2,"6":2,"7":1,"8":4,"9":0,"10":1},"b":{"0":[1],"1":[0],"2":[0],"3":[1]}}
,"/home/runner/work/fiap_04_dominio/fiap_04_dominio/src/adapters/category/gateway/index.ts": {"path":"/home/runner/work/fiap_04_dominio/fiap_04_dominio/src/adapters/category/gateway/index.ts","statementMap":{"0":{"start":{"line":2,"column":0},"end":{"line":2,"column":52}},"1":{"start":{"line":3,"column":0},"end":{"line":3,"column":87}},"2":{"start":{"line":5,"column":13},"end":{"line":10,"column":2}}},"fnMap":{},"branchMap":{},"s":{"0":0,"1":0,"2":0},"f":{},"b":{}}
,"/home/runner/work/fiap_04_dominio/fiap_04_dominio/src/adapters/category/presenter/CategoryPresenter.ts": {"path":"/home/runner/work/fiap_04_dominio/fiap_04_dominio/src/adapters/category/presenter/CategoryPresenter.ts","statementMap":{"0":{"start":{"line":1,"column":0},"end":{"line":1,"column":44}},"1":{"start":{"line":3,"column":0},"end":{"line":3,"column":50}},"2":{"start":{"line":6,"column":7},"end":{"line":14,"column":null}},"3":{"start":{"line":8,"column":21},"end":{"line":8,"column":38}},"4":{"start":{"line":9,"column":4},"end":{"line":9,"column":28}},"5":{"start":{"line":10,"column":4},"end":{"line":10,"column":32}},"6":{"start":{"line":11,"column":4},"end":{"line":11,"column":46}},"7":{"start":{"line":12,"column":4},"end":{"line":12,"column":20}},"8":{"start":{"line":6,"column":13},"end":{"line":6,"column":30}},"9":{"start":{"line":6,"column":13},"end":{"line":14,"column":null}}},"fnMap":{"0":{"name":"(anonymous_1)","decl":{"start":{"line":7,"column":2},"end":{"line":7,"column":28}},"loc":{"start":{"line":7,"column":45},"end":{"line":13,"column":3}}}},"branchMap":{},"s":{"0":2,"1":2,"2":2,"3":0,"4":0,"5":0,"6":0,"7":0,"8":2,"9":2},"f":{"0":0},"b":{}}
,"/home/runner/work/fiap_04_dominio/fiap_04_dominio/src/adapters/product/controller/ProductAdapterController.ts": {"path":"/home/runner/work/fiap_04_dominio/fiap_04_dominio/src/adapters/product/controller/ProductAdapterController.ts","statementMap":{"0":{"start":{"line":1,"column":0},"end":{"line":1,"column":44}},"1":{"start":{"line":2,"column":0},"end":{"line":2,"column":84}},"2":{"start":{"line":3,"column":0},"end":{"line":3,"column":90}},"3":{"start":{"line":5,"column":0},"end":{"line":5,"column":66}},"4":{"start":{"line":8,"column":7},"end":{"line":37,"column":null}},"5":{"start":{"line":10,"column":21},"end":{"line":10,"column":30}},"6":{"start":{"line":11,"column":12},"end":{"line":11,"column":21}},"7":{"start":{"line":12,"column":12},"end":{"line":12,"column":23}},"8":{"start":{"line":16,"column":20},"end":{"line":16,"column":63}},"9":{"start":{"line":17,"column":19},"end":{"line":17,"column":51}},"10":{"start":{"line":18,"column":4},"end":{"line":18,"column":51}},"11":{"start":{"line":22,"column":4},"end":{"line":22,"column":32}},"12":{"start":{"line":26,"column":4},"end":{"line":26,"column":46}},"13":{"start":{"line":30,"column":20},"end":{"line":30,"column":63}},"14":{"start":{"line":31,"column":4},"end":{"line":31,"column":44}},"15":{"start":{"line":35,"column":4},"end":{"line":35,"column":41}},"16":{"start":{"line":8,"column":13},"end":{"line":8,"column":37}},"17":{"start":{"line":8,"column":13},"end":{"line":37,"column":null}}},"fnMap":{"0":{"name":"(anonymous_2)","decl":{"start":{"line":9,"column":2},"end":{"line":9,"column":null}},"loc":{"start":{"line":12,"column":40},"end":{"line":13,"column":6}}},"1":{"name":"(anonymous_3)","decl":{"start":{"line":15,"column":2},"end":{"line":15,"column":7}},"loc":{"start":{"line":15,"column":43},"end":{"line":19,"column":3}}},"2":{"name":"(anonymous_4)","decl":{"start":{"line":21,"column":2},"end":{"line":21,"column":9}},"loc":{"start":{"line":21,"column":20},"end":{"line":23,"column":3}}},"3":{"name":"(anonymous_5)","decl":{"start":{"line":25,"column":2},"end":{"line":25,"column":19}},"loc":{"start":{"line":25,"column":30},"end":{"line":27,"column":3}}},"4":{"name":"(anonymous_6)","decl":{"start":{"line":29,"column":2},"end":{"line":29,"column":8}},"loc":{"start":{"line":29,"column":49},"end":{"line":32,"column":3}}},"5":{"name":"(anonymous_7)","decl":{"start":{"line":34,"column":2},"end":{"line":34,"column":7}},"loc":{"start":{"line":34,"column":25},"end":{"line":36,"column":3}}}},"branchMap":{},"s":{"0":2,"1":2,"2":2,"3":2,"4":2,"5":6,"6":6,"7":6,"8":1,"9":1,"10":1,"11":1,"12":1,"13":1,"14":1,"15":1,"16":2,"17":2},"f":{"0":6,"1":1,"2":1,"3":1,"4":1,"5":1},"b":{}}
,"/home/runner/work/fiap_04_dominio/fiap_04_dominio/src/adapters/product/dto/create-product.dto.ts": {"path":"/home/runner/work/fiap_04_dominio/fiap_04_dominio/src/adapters/product/dto/create-product.dto.ts","statementMap":{"0":{"start":{"line":1,"column":0},"end":{"line":1,"column":46}},"1":{"start":{"line":3,"column":0},"end":{"line":3,"column":13}},"2":{"start":{"line":5,"column":2},"end":{"line":5,"column":null}},"3":{"start":{"line":8,"column":2},"end":{"line":8,"column":null}},"4":{"start":{"line":11,"column":2},"end":{"line":11,"column":null}},"5":{"start":{"line":14,"column":2},"end":{"line":14,"column":null}},"6":{"start":{"line":17,"column":2},"end":{"line":17,"column":null}}},"fnMap":{},"branchMap":{},"s":{"0":4,"1":4,"2":4,"3":4,"4":4,"5":4,"6":4},"f":{},"b":{}}
,"/home/runner/work/fiap_04_dominio/fiap_04_dominio/src/adapters/product/gateway/Product.entity.ts": {"path":"/home/runner/work/fiap_04_dominio/fiap_04_dominio/src/adapters/product/gateway/Product.entity.ts","statementMap":{"0":{"start":{"line":1,"column":0},"end":{"line":1,"column":74}},"1":{"start":{"line":2,"column":0},"end":{"line":2,"column":null}},"2":{"start":{"line":11,"column":7},"end":{"line":36,"column":null}},"3":{"start":{"line":11,"column":13},"end":{"line":11,"column":26}},"4":{"start":{"line":13,"column":2},"end":{"line":13,"column":null}},"5":{"start":{"line":16,"column":2},"end":{"line":16,"column":null}},"6":{"start":{"line":19,"column":2},"end":{"line":19,"column":null}},"7":{"start":{"line":28,"column":2},"end":{"line":28,"column":null}},"8":{"start":{"line":31,"column":2},"end":{"line":31,"column":null}},"9":{"start":{"line":35,"column":2},"end":{"line":35,"column":null}},"10":{"start":{"line":33,"column":19},"end":{"line":33,"column":33}},"11":{"start":{"line":33,"column":49},"end":{"line":33,"column":66}},"12":{"start":{"line":11,"column":13},"end":{"line":36,"column":null}}},"fnMap":{"0":{"name":"(anonymous_2)","decl":{"start":{"line":33,"column":13},"end":{"line":33,"column":16}},"loc":{"start":{"line":33,"column":19},"end":{"line":33,"column":33}}},"1":{"name":"(anonymous_3)","decl":{"start":{"line":33,"column":35},"end":{"line":33,"column":36}},"loc":{"start":{"line":33,"column":49},"end":{"line":33,"column":66}}}},"branchMap":{},"s":{"0":2,"1":2,"2":2,"3":2,"4":2,"5":2,"6":2,"7":2,"8":2,"9":2,"10":0,"11":0,"12":2},"f":{"0":0,"1":0},"b":{}}
,"/home/runner/work/fiap_04_dominio/fiap_04_dominio/src/adapters/product/gateway/ProductGateway.ts": {"path":"/home/runner/work/fiap_04_dominio/fiap_04_dominio/src/adapters/product/gateway/ProductGateway.ts","statementMap":{"0":{"start":{"line":1,"column":0},"end":{"line":1,"column":81}},"1":{"start":{"line":2,"column":0},"end":{"line":2,"column":51}},"2":{"start":{"line":4,"column":0},"end":{"line":4,"column":55}},"3":{"start":{"line":5,"column":0},"end":{"line":5,"column":72}},"4":{"start":{"line":8,"column":0},"end":{"line":94,"column":null}},"5":{"start":{"line":11,"column":21},"end":{"line":11,"column":33}},"6":{"start":{"line":15,"column":17},"end":{"line":15,"column":36}},"7":{"start":{"line":16,"column":4},"end":{"line":16,"column":35}},"8":{"start":{"line":17,"column":4},"end":{"line":17,"column":48}},"9":{"start":{"line":18,"column":4},"end":{"line":18,"column":44}},"10":{"start":{"line":21,"column":19},"end":{"line":21,"column":58}},"11":{"start":{"line":22,"column":4},"end":{"line":22,"column":44}},"12":{"start":{"line":26,"column":4},"end":{"line":26,"column":45}},"13":{"start":{"line":30,"column":4},"end":{"line":40,"column":5}},"14":{"start":{"line":31,"column":21},"end":{"line":31,"column":45}},"15":{"start":{"line":32,"column":6},"end":{"line":32,"column":46}},"16":{"start":{"line":34,"column":6},"end":{"line":39,"column":7}},"17":{"start":{"line":38,"column":8},"end":{"line":38,"column":45}},"18":{"start":{"line":43,"column":19},"end":{"line":43,"column":43}},"19":{"start":{"line":44,"column":4},"end":{"line":44,"column":35}},"20":{"start":{"line":45,"column":4},"end":{"line":45,"column":40}},"21":{"start":{"line":46,"column":4},"end":{"line":46,"column":39}},"22":{"start":{"line":47,"column":4},"end":{"line":47,"column":44}},"23":{"start":{"line":50,"column":19},"end":{"line":50,"column":21}},"24":{"start":{"line":51,"column":17},"end":{"line":53,"column":6}},"25":{"start":{"line":54,"column":4},"end":{"line":64,"column":7}},"26":{"start":{"line":55,"column":25},"end":{"line":61,"column":null}},"27":{"start":{"line":63,"column":6},"end":{"line":63,"column":30}},"28":{"start":{"line":65,"column":4},"end":{"line":65,"column":18}},"29":{"start":{"line":69,"column":20},"end":{"line":75,"column":null}},"30":{"start":{"line":77,"column":4},"end":{"line":77,"column":19}},"31":{"start":{"line":81,"column":4},"end":{"line":83,"column":5}},"32":{"start":{"line":82,"column":6},"end":{"line":82,"column":18}},"33":{"start":{"line":84,"column":21},"end":{"line":90,"column":null}},"34":{"start":{"line":92,"column":4},"end":{"line":92,"column":20}},"35":{"start":{"line":8,"column":13},"end":{"line":8,"column":27}},"36":{"start":{"line":8,"column":13},"end":{"line":94,"column":null}}},"fnMap":{"0":{"name":"(anonymous_4)","decl":{"start":{"line":9,"column":2},"end":{"line":9,"column":null}},"loc":{"start":{"line":11,"column":58},"end":{"line":12,"column":6}}},"1":{"name":"(anonymous_5)","decl":{"start":{"line":14,"column":2},"end":{"line":14,"column":7}},"loc":{"start":{"line":14,"column":29},"end":{"line":19,"column":3}}},"2":{"name":"(anonymous_6)","decl":{"start":{"line":20,"column":2},"end":{"line":20,"column":7}},"loc":{"start":{"line":20,"column":22},"end":{"line":23,"column":3}}},"3":{"name":"(anonymous_7)","decl":{"start":{"line":25,"column":10},"end":{"line":25,"column":19}},"loc":{"start":{"line":25,"column":30},"end":{"line":27,"column":3}}},"4":{"name":"(anonymous_8)","decl":{"start":{"line":29,"column":2},"end":{"line":29,"column":7}},"loc":{"start":{"line":29,"column":25},"end":{"line":41,"column":3}}},"5":{"name":"(anonymous_9)","decl":{"start":{"line":42,"column":2},"end":{"line":42,"column":7}},"loc":{"start":{"line":42,"column":43},"end":{"line":48,"column":3}}},"6":{"name":"(anonymous_10)","decl":{"start":{"line":49,"column":2},"end":{"line":49,"column":7}},"loc":{"start":{"line":49,"column":44},"end":{"line":66,"column":3}}},"7":{"name":"(anonymous_11)","decl":{"start":{"line":54,"column":17},"end":{"line":54,"column":18}},"loc":{"start":{"line":54,"column":29},"end":{"line":64,"column":5}}},"8":{"name":"(anonymous_12)","decl":{"start":{"line":68,"column":2},"end":{"line":68,"column":20}},"loc":{"start":{"line":68,"column":42},"end":{"line":78,"column":3}}},"9":{"name":"(anonymous_13)","decl":{"start":{"line":80,"column":10},"end":{"line":80,"column":29}},"loc":{"start":{"line":80,"column":58},"end":{"line":93,"column":3}}}},"branchMap":{"0":{"loc":{"start":{"line":34,"column":6},"end":{"line":39,"column":7}},"type":"if","locations":[{"start":{"line":34,"column":6},"end":{"line":39,"column":7}}]},"1":{"loc":{"start":{"line":35,"column":8},"end":{"line":36,"column":65}},"type":"binary-expr","locations":[{"start":{"line":35,"column":8},"end":{"line":35,"column":41}},{"start":{"line":36,"column":8},"end":{"line":36,"column":65}}]},"2":{"loc":{"start":{"line":81,"column":4},"end":{"line":83,"column":5}},"type":"if","locations":[{"start":{"line":81,"column":4},"end":{"line":83,"column":5}}]}},"s":{"0":1,"1":1,"2":1,"3":1,"4":1,"5":8,"6":1,"7":1,"8":1,"9":1,"10":2,"11":2,"12":0,"13":1,"14":1,"15":1,"16":0,"17":0,"18":1,"19":1,"20":1,"21":1,"22":1,"23":1,"24":1,"25":1,"26":2,"27":2,"28":1,"29":1,"30":1,"31":4,"32":1,"33":3,"34":3,"35":1,"36":1},"f":{"0":8,"1":1,"2":2,"3":0,"4":1,"5":1,"6":1,"7":2,"8":1,"9":4},"b":{"0":[0],"1":[0,0],"2":[1]}}
,"/home/runner/work/fiap_04_dominio/fiap_04_dominio/src/adapters/product/presenter/ProductPresenter.ts": {"path":"/home/runner/work/fiap_04_dominio/fiap_04_dominio/src/adapters/product/presenter/ProductPresenter.ts","statementMap":{"0":{"start":{"line":1,"column":0},"end":{"line":1,"column":44}},"1":{"start":{"line":3,"column":0},"end":{"line":3,"column":61}},"2":{"start":{"line":6,"column":7},"end":{"line":20,"column":null}},"3":{"start":{"line":8,"column":21},"end":{"line":8,"column":43}},"4":{"start":{"line":9,"column":4},"end":{"line":9,"column":32}},"5":{"start":{"line":10,"column":4},"end":{"line":10,"column":46}},"6":{"start":{"line":11,"column":4},"end":{"line":11,"column":34}},"7":{"start":{"line":12,"column":4},"end":{"line":12,"column":34}},"8":{"start":{"line":13,"column":4},"end":{"line":13,"column":40}},"9":{"start":{"line":14,"column":4},"end":{"line":14,"column":20}},"10":{"start":{"line":18,"column":4},"end":{"line":18,"column":21}},"11":{"start":{"line":6,"column":13},"end":{"line":6,"column":30}},"12":{"start":{"line":6,"column":13},"end":{"line":20,"column":null}}},"fnMap":{"0":{"name":"(anonymous_1)","decl":{"start":{"line":7,"column":2},"end":{"line":7,"column":28}},"loc":{"start":{"line":7,"column":44},"end":{"line":15,"column":3}}},"1":{"name":"(anonymous_2)","decl":{"start":{"line":17,"column":2},"end":{"line":17,"column":18}},"loc":{"start":{"line":17,"column":34},"end":{"line":19,"column":3}}}},"branchMap":{},"s":{"0":3,"1":3,"2":3,"3":1,"4":1,"5":1,"6":1,"7":1,"8":1,"9":1,"10":2,"11":3,"12":3},"f":{"0":1,"1":2},"b":{}}
,"/home/runner/work/fiap_04_dominio/fiap_04_dominio/src/application/application.module.ts": {"path":"/home/runner/work/fiap_04_dominio/fiap_04_dominio/src/application/application.module.ts","statementMap":{"0":{"start":{"line":1,"column":0},"end":{"line":1,"column":40}},"1":{"start":{"line":8,"column":7},"end":{"line":8,"column":null}},"2":{"start":{"line":8,"column":13},"end":{"line":8,"column":30}},"3":{"start":{"line":8,"column":13},"end":{"line":8,"column":null}}},"fnMap":{},"branchMap":{},"s":{"0":0,"1":0,"2":0,"3":0},"f":{},"b":{}}
,"/home/runner/work/fiap_04_dominio/fiap_04_dominio/src/application/category/entites/Category.ts": {"path":"/home/runner/work/fiap_04_dominio/fiap_04_dominio/src/application/category/entites/Category.ts","statementMap":{"0":{"start":{"line":15,"column":4},"end":{"line":15,"column":17}},"1":{"start":{"line":16,"column":4},"end":{"line":16,"column":21}},"2":{"start":{"line":17,"column":4},"end":{"line":17,"column":35}},"3":{"start":{"line":18,"column":4},"end":{"line":18,"column":28}},"4":{"start":{"line":3,"column":0},"end":{"line":3,"column":13}}},"fnMap":{"0":{"name":"(anonymous_0)","decl":{"start":{"line":9,"column":2},"end":{"line":9,"column":null}},"loc":{"start":{"line":13,"column":22},"end":{"line":19,"column":3}}}},"branchMap":{},"s":{"0":14,"1":14,"2":14,"3":14,"4":1},"f":{"0":14},"b":{}}
,"/home/runner/work/fiap_04_dominio/fiap_04_dominio/src/application/category/interfaces/ICategoryData.ts": {"path":"/home/runner/work/fiap_04_dominio/fiap_04_dominio/src/application/category/interfaces/ICategoryData.ts","statementMap":{"0":{"start":{"line":4,"column":0},"end":{"line":4,"column":22}}},"fnMap":{},"branchMap":{},"s":{"0":3},"f":{},"b":{}}
,"/home/runner/work/fiap_04_dominio/fiap_04_dominio/src/application/category/interfaces/ICategoryUseCase.ts": {"path":"/home/runner/work/fiap_04_dominio/fiap_04_dominio/src/application/category/interfaces/ICategoryUseCase.ts","statementMap":{"0":{"start":{"line":3,"column":0},"end":{"line":3,"column":22}}},"fnMap":{},"branchMap":{},"s":{"0":3},"f":{},"b":{}}
,"/home/runner/work/fiap_04_dominio/fiap_04_dominio/src/application/category/useCases/CategoryUseCase.ts": {"path":"/home/runner/work/fiap_04_dominio/fiap_04_dominio/src/application/category/useCases/CategoryUseCase.ts","statementMap":{"0":{"start":{"line":1,"column":0},"end":{"line":1,"column":44}},"1":{"start":{"line":4,"column":0},"end":{"line":4,"column":60}},"2":{"start":{"line":5,"column":0},"end":{"line":5,"column":63}},"3":{"start":{"line":6,"column":0},"end":{"line":6,"column":88}},"4":{"start":{"line":9,"column":7},"end":{"line":62,"column":null}},"5":{"start":{"line":11,"column":4},"end":{"line":11,"column":12}},"6":{"start":{"line":10,"column":22},"end":{"line":10,"column":31}},"7":{"start":{"line":15,"column":4},"end":{"line":15,"column":31}},"8":{"start":{"line":16,"column":4},"end":{"line":16,"column":39}},"9":{"start":{"line":20,"column":4},"end":{"line":20,"column":43}},"10":{"start":{"line":21,"column":4},"end":{"line":21,"column":55}},"11":{"start":{"line":25,"column":21},"end":{"line":25,"column":47}},"12":{"start":{"line":29,"column":4},"end":{"line":32,"column":6}},"13":{"start":{"line":33,"column":4},"end":{"line":33,"column":20}},"14":{"start":{"line":36,"column":21},"end":{"line":36,"column":52}},"15":{"start":{"line":40,"column":4},"end":{"line":43,"column":6}},"16":{"start":{"line":44,"column":4},"end":{"line":44,"column":20}},"17":{"start":{"line":48,"column":21},"end":{"line":48,"column":39}},"18":{"start":{"line":50,"column":4},"end":{"line":54,"column":5}},"19":{"start":{"line":51,"column":6},"end":{"line":53,"column":8}},"20":{"start":{"line":55,"column":4},"end":{"line":55,"column":41}},"21":{"start":{"line":59,"column":4},"end":{"line":59,"column":31}},"22":{"start":{"line":60,"column":4},"end":{"line":60,"column":45}},"23":{"start":{"line":9,"column":13},"end":{"line":9,"column":28}},"24":{"start":{"line":9,"column":13},"end":{"line":62,"column":null}}},"fnMap":{"0":{"name":"(anonymous_2)","decl":{"start":{"line":10,"column":2},"end":{"line":10,"column":22}},"loc":{"start":{"line":10,"column":44},"end":{"line":12,"column":3}}},"1":{"name":"(anonymous_3)","decl":{"start":{"line":14,"column":2},"end":{"line":14,"column":6}},"loc":{"start":{"line":14,"column":25},"end":{"line":17,"column":3}}},"2":{"name":"(anonymous_4)","decl":{"start":{"line":19,"column":10},"end":{"line":19,"column":21}},"loc":{"start":{"line":19,"column":40},"end":{"line":22,"column":3}}},"3":{"name":"(anonymous_5)","decl":{"start":{"line":24,"column":2},"end":{"line":24,"column":7}},"loc":{"start":{"line":24,"column":22},"end":{"line":34,"column":3}}},"4":{"name":"(anonymous_6)","decl":{"start":{"line":35,"column":2},"end":{"line":35,"column":7}},"loc":{"start":{"line":35,"column":27},"end":{"line":45,"column":3}}},"5":{"name":"(anonymous_7)","decl":{"start":{"line":47,"column":2},"end":{"line":47,"column":7}},"loc":{"start":{"line":47,"column":25},"end":{"line":56,"column":3}}},"6":{"name":"(anonymous_8)","decl":{"start":{"line":58,"column":2},"end":{"line":58,"column":8}},"loc":{"start":{"line":58,"column":39},"end":{"line":61,"column":3}}}},"branchMap":{"0":{"loc":{"start":{"line":50,"column":4},"end":{"line":54,"column":5}},"type":"if","locations":[{"start":{"line":50,"column":4},"end":{"line":54,"column":5}}]}},"s":{"0":1,"1":1,"2":1,"3":1,"4":1,"5":9,"6":9,"7":1,"8":1,"9":2,"10":2,"11":4,"12":4,"13":3,"14":2,"15":2,"16":1,"17":2,"18":2,"19":1,"20":1,"21":1,"22":1,"23":1,"24":1},"f":{"0":9,"1":1,"2":2,"3":4,"4":2,"5":2,"6":1},"b":{"0":[1]}}
,"/home/runner/work/fiap_04_dominio/fiap_04_dominio/src/application/product/entities/Product.ts": {"path":"/home/runner/work/fiap_04_dominio/fiap_04_dominio/src/application/product/entities/Product.ts","statementMap":{"0":{"start":{"line":10,"column":4},"end":{"line":10,"column":17}},"1":{"start":{"line":11,"column":4},"end":{"line":11,"column":21}},"2":{"start":{"line":12,"column":4},"end":{"line":12,"column":35}},"3":{"start":{"line":13,"column":4},"end":{"line":13,"column":23}},"4":{"start":{"line":14,"column":4},"end":{"line":14,"column":23}},"5":{"start":{"line":15,"column":4},"end":{"line":15,"column":29}},"6":{"start":{"line":1,"column":0},"end":{"line":1,"column":13}}},"fnMap":{"0":{"name":"(anonymous_0)","decl":{"start":{"line":9,"column":2},"end":{"line":9,"column":14}},"loc":{"start":{"line":9,"column":59},"end":{"line":16,"column":3}}}},"branchMap":{},"s":{"0":19,"1":19,"2":19,"3":19,"4":19,"5":19,"6":4},"f":{"0":19},"b":{}}
,"/home/runner/work/fiap_04_dominio/fiap_04_dominio/src/application/product/interfaces/IProductData.ts": {"path":"/home/runner/work/fiap_04_dominio/fiap_04_dominio/src/application/product/interfaces/IProductData.ts","statementMap":{"0":{"start":{"line":4,"column":0},"end":{"line":4,"column":22}}},"fnMap":{},"branchMap":{},"s":{"0":3},"f":{},"b":{}}
,"/home/runner/work/fiap_04_dominio/fiap_04_dominio/src/application/product/interfaces/IProductUseCase.ts": {"path":"/home/runner/work/fiap_04_dominio/fiap_04_dominio/src/application/product/interfaces/IProductUseCase.ts","statementMap":{"0":{"start":{"line":3,"column":0},"end":{"line":3,"column":22}}},"fnMap":{},"branchMap":{},"s":{"0":2},"f":{},"b":{}}
,"/home/runner/work/fiap_04_dominio/fiap_04_dominio/src/application/product/useCases/ProductUseCase.ts": {"path":"/home/runner/work/fiap_04_dominio/fiap_04_dominio/src/application/product/useCases/ProductUseCase.ts","statementMap":{"0":{"start":{"line":1,"column":0},"end":{"line":1,"column":44}},"1":{"start":{"line":4,"column":0},"end":{"line":4,"column":58}},"2":{"start":{"line":5,"column":0},"end":{"line":5,"column":88}},"3":{"start":{"line":6,"column":0},"end":{"line":6,"column":63}},"4":{"start":{"line":7,"column":0},"end":{"line":7,"column":93}},"5":{"start":{"line":10,"column":7},"end":{"line":64,"column":null}},"6":{"start":{"line":15,"column":4},"end":{"line":15,"column":12}},"7":{"start":{"line":12,"column":12},"end":{"line":12,"column":21}},"8":{"start":{"line":13,"column":12},"end":{"line":13,"column":29}},"9":{"start":{"line":19,"column":4},"end":{"line":19,"column":54}},"10":{"start":{"line":23,"column":4},"end":{"line":23,"column":36}},"11":{"start":{"line":24,"column":4},"end":{"line":24,"column":38}},"12":{"start":{"line":28,"column":4},"end":{"line":28,"column":42}},"13":{"start":{"line":29,"column":4},"end":{"line":29,"column":54}},"14":{"start":{"line":30,"column":4},"end":{"line":30,"column":44}},"15":{"start":{"line":31,"column":4},"end":{"line":31,"column":51}},"16":{"start":{"line":33,"column":21},"end":{"line":33,"column":74}},"17":{"start":{"line":34,"column":4},"end":{"line":36,"column":5}},"18":{"start":{"line":35,"column":6},"end":{"line":35,"column":74}},"19":{"start":{"line":40,"column":20},"end":{"line":40,"column":46}},"20":{"start":{"line":41,"column":4},"end":{"line":43,"column":5}},"21":{"start":{"line":42,"column":6},"end":{"line":42,"column":64}},"22":{"start":{"line":44,"column":4},"end":{"line":44,"column":32}},"23":{"start":{"line":48,"column":4},"end":{"line":56,"column":5}},"24":{"start":{"line":49,"column":6},"end":{"line":49,"column":36}},"25":{"start":{"line":51,"column":6},"end":{"line":55,"column":7}},"26":{"start":{"line":52,"column":8},"end":{"line":54,"column":10}},"27":{"start":{"line":57,"column":4},"end":{"line":57,"column":11}},"28":{"start":{"line":61,"column":4},"end":{"line":61,"column":36}},"29":{"start":{"line":62,"column":4},"end":{"line":62,"column":44}},"30":{"start":{"line":10,"column":13},"end":{"line":10,"column":27}},"31":{"start":{"line":10,"column":13},"end":{"line":64,"column":null}}},"fnMap":{"0":{"name":"(anonymous_2)","decl":{"start":{"line":11,"column":2},"end":{"line":11,"column":null}},"loc":{"start":{"line":13,"column":45},"end":{"line":16,"column":3}}},"1":{"name":"(anonymous_3)","decl":{"start":{"line":18,"column":2},"end":{"line":18,"column":19}},"loc":{"start":{"line":18,"column":38},"end":{"line":20,"column":3}}},"2":{"name":"(anonymous_4)","decl":{"start":{"line":22,"column":2},"end":{"line":22,"column":7}},"loc":{"start":{"line":22,"column":29},"end":{"line":25,"column":3}}},"3":{"name":"(anonymous_5)","decl":{"start":{"line":27,"column":2},"end":{"line":27,"column":7}},"loc":{"start":{"line":27,"column":36},"end":{"line":37,"column":3}}},"4":{"name":"(anonymous_6)","decl":{"start":{"line":39,"column":2},"end":{"line":39,"column":7}},"loc":{"start":{"line":39,"column":22},"end":{"line":45,"column":3}}},"5":{"name":"(anonymous_7)","decl":{"start":{"line":47,"column":2},"end":{"line":47,"column":7}},"loc":{"start":{"line":47,"column":25},"end":{"line":58,"column":3}}},"6":{"name":"(anonymous_8)","decl":{"start":{"line":60,"column":2},"end":{"line":60,"column":7}},"loc":{"start":{"line":60,"column":43},"end":{"line":63,"column":3}}}},"branchMap":{"0":{"loc":{"start":{"line":34,"column":4},"end":{"line":36,"column":5}},"type":"if","locations":[{"start":{"line":34,"column":4},"end":{"line":36,"column":5}}]},"1":{"loc":{"start":{"line":41,"column":4},"end":{"line":43,"column":5}},"type":"if","locations":[{"start":{"line":41,"column":4},"end":{"line":43,"column":5}}]},"2":{"loc":{"start":{"line":51,"column":6},"end":{"line":55,"column":7}},"type":"if","locations":[{"start":{"line":51,"column":6},"end":{"line":55,"column":7}}]}},"s":{"0":1,"1":1,"2":1,"3":1,"4":1,"5":1,"6":11,"7":11,"8":11,"9":1,"10":3,"11":1,"12":5,"13":3,"14":3,"15":3,"16":3,"17":3,"18":1,"19":2,"20":2,"21":1,"22":1,"23":2,"24":2,"25":1,"26":1,"27":1,"28":2,"29":1,"30":1,"31":1},"f":{"0":11,"1":1,"2":3,"3":5,"4":2,"5":2,"6":2},"b":{"0":[1],"1":[1],"2":[1]}}
,"/home/runner/work/fiap_04_dominio/fiap_04_dominio/src/application/service/service.ts": {"path":"/home/runner/work/fiap_04_dominio/fiap_04_dominio/src/application/service/service.ts","statementMap":{"0":{"start":{"line":1,"column":0},"end":{"line":1,"column":46}},"1":{"start":{"line":4,"column":12},"end":{"line":4,"column":77}},"2":{"start":{"line":7,"column":4},"end":{"line":7,"column":58}},"3":{"start":{"line":11,"column":4},"end":{"line":11,"column":60}},"4":{"start":{"line":15,"column":4},"end":{"line":15,"column":33}},"5":{"start":{"line":3,"column":0},"end":{"line":3,"column":13}}},"fnMap":{"0":{"name":"(anonymous_0)","decl":{"start":{"line":3,"column":0},"end":{"line":3,"column":13}},"loc":{"start":{"line":3,"column":0},"end":{"line":17,"column":1}}},"1":{"name":"(anonymous_1)","decl":{"start":{"line":6,"column":2},"end":{"line":6,"column":20}},"loc":{"start":{"line":6,"column":26},"end":{"line":8,"column":3}}},"2":{"name":"(anonymous_2)","decl":{"start":{"line":10,"column":2},"end":{"line":10,"column":12}},"loc":{"start":{"line":10,"column":29},"end":{"line":12,"column":3}}},"3":{"name":"(anonymous_3)","decl":{"start":{"line":14,"column":2},"end":{"line":14,"column":12}},"loc":{"start":{"line":14,"column":27},"end":{"line":16,"column":3}}}},"branchMap":{},"s":{"0":2,"1":20,"2":18,"3":18,"4":6,"5":2},"f":{"0":20,"1":18,"2":18,"3":6},"b":{}}
,"/home/runner/work/fiap_04_dominio/fiap_04_dominio/src/application/utils/crypto.ts": {"path":"/home/runner/work/fiap_04_dominio/fiap_04_dominio/src/application/utils/crypto.ts","statementMap":{"0":{"start":{"line":4,"column":0},"end":{"line":4,"column":16}},"1":{"start":{"line":14,"column":0},"end":{"line":14,"column":16}},"2":{"start":{"line":1,"column":0},"end":{"line":1,"column":38}},"3":{"start":{"line":5,"column":21},"end":{"line":5,"column":43}},"4":{"start":{"line":6,"column":20},"end":{"line":9,"column":14}},"5":{"start":{"line":11,"column":2},"end":{"line":11,"column":19}},"6":{"start":{"line":15,"column":16},"end":{"line":17,"column":null}},"7":{"start":{"line":19,"column":26},"end":{"line":19,"column":59}},"8":{"start":{"line":21,"column":2},"end":{"line":21,"column":37}}},"fnMap":{"0":{"name":"encryptObject","decl":{"start":{"line":4,"column":16},"end":{"line":4,"column":29}},"loc":{"start":{"line":4,"column":36},"end":{"line":12,"column":1}}},"1":{"name":"decryptObject","decl":{"start":{"line":14,"column":16},"end":{"line":14,"column":29}},"loc":{"start":{"line":14,"column":45},"end":{"line":22,"column":1}}}},"branchMap":{},"s":{"0":1,"1":1,"2":1,"3":5,"4":5,"5":5,"6":3,"7":3,"8":3},"f":{"0":5,"1":3},"b":{}}
,"/home/runner/work/fiap_04_dominio/fiap_04_dominio/src/application/utils/utils.ts": {"path":"/home/runner/work/fiap_04_dominio/fiap_04_dominio/src/application/utils/utils.ts","statementMap":{"0":{"start":{"line":1,"column":0},"end":{"line":1,"column":85}},"1":{"start":{"line":3,"column":28},"end":{"line":19,"column":1}},"2":{"start":{"line":4,"column":2},"end":{"line":6,"column":3}},"3":{"start":{"line":5,"column":4},"end":{"line":5,"column":45}},"4":{"start":{"line":8,"column":2},"end":{"line":10,"column":3}},"5":{"start":{"line":9,"column":4},"end":{"line":9,"column":45}},"6":{"start":{"line":12,"column":2},"end":{"line":14,"column":3}},"7":{"start":{"line":13,"column":4},"end":{"line":13,"column":45}},"8":{"start":{"line":16,"column":2},"end":{"line":18,"column":3}},"9":{"start":{"line":17,"column":4},"end":{"line":17,"column":45}},"10":{"start":{"line":3,"column":13},"end":{"line":3,"column":28}},"11":{"start":{"line":21,"column":28},"end":{"line":24,"column":1}},"12":{"start":{"line":22,"column":16},"end":{"line":22,"column":44}},"13":{"start":{"line":23,"column":2},"end":{"line":23,"column":27}},"14":{"start":{"line":21,"column":13},"end":{"line":21,"column":28}},"15":{"start":{"line":26,"column":26},"end":{"line":34,"column":1}},"16":{"start":{"line":27,"column":2},"end":{"line":27,"column":43}},"17":{"start":{"line":28,"column":2},"end":{"line":33,"column":5}},"18":{"start":{"line":29,"column":4},"end":{"line":29,"column":23}},"19":{"start":{"line":30,"column":4},"end":{"line":32,"column":5}},"20":{"start":{"line":31,"column":6},"end":{"line":31,"column":36}},"21":{"start":{"line":26,"column":13},"end":{"line":26,"column":26}},"22":{"start":{"line":36,"column":29},"end":{"line":51,"column":1}},"23":{"start":{"line":37,"column":35},"end":{"line":37,"column":56}},"24":{"start":{"line":39,"column":18},"end":{"line":39,"column":68}},"25":{"start":{"line":41,"column":16},"end":{"line":41,"column":40}},"26":{"start":{"line":42,"column":27},"end":{"line":42,"column":39}},"27":{"start":{"line":44,"column":18},"end":{"line":44,"column":20}},"28":{"start":{"line":45,"column":2},"end":{"line":47,"column":3}},"29":{"start":{"line":46,"column":4},"end":{"line":46,"column":37}},"30":{"start":{"line":48,"column":2},"end":{"line":48,"column":47}},"31":{"start":{"line":50,"column":2},"end":{"line":50,"column":19}},"32":{"start":{"line":36,"column":13},"end":{"line":36,"column":29}}},"fnMap":{"0":{"name":"(anonymous_0)","decl":{"start":{"line":3,"column":28},"end":{"line":3,"column":29}},"loc":{"start":{"line":3,"column":60},"end":{"line":19,"column":1}}},"1":{"name":"(anonymous_1)","decl":{"start":{"line":21,"column":28},"end":{"line":21,"column":29}},"loc":{"start":{"line":21,"column":46},"end":{"line":24,"column":1}}},"2":{"name":"(anonymous_2)","decl":{"start":{"line":26,"column":26},"end":{"line":26,"column":27}},"loc":{"start":{"line":26,"column":45},"end":{"line":34,"column":1}}},"3":{"name":"(anonymous_3)","decl":{"start":{"line":28,"column":30},"end":{"line":28,"column":31}},"loc":{"start":{"line":28,"column":40},"end":{"line":33,"column":3}}},"4":{"name":"(anonymous_4)","decl":{"start":{"line":36,"column":29},"end":{"line":36,"column":30}},"loc":{"start":{"line":36,"column":44},"end":{"line":51,"column":1}}}},"branchMap":{"0":{"loc":{"start":{"line":4,"column":2},"end":{"line":6,"column":3}},"type":"if","locations":[{"start":{"line":4,"column":2},"end":{"line":6,"column":3}}]},"1":{"loc":{"start":{"line":8,"column":2},"end":{"line":10,"column":3}},"type":"if","locations":[{"start":{"line":8,"column":2},"end":{"line":10,"column":3}}]},"2":{"loc":{"start":{"line":8,"column":6},"end":{"line":8,"column":44}},"type":"binary-expr","locations":[{"start":{"line":8,"column":6},"end":{"line":8,"column":31}},{"start":{"line":8,"column":35},"end":{"line":8,"column":44}}]},"3":{"loc":{"start":{"line":12,"column":2},"end":{"line":14,"column":3}},"type":"if","locations":[{"start":{"line":12,"column":2},"end":{"line":14,"column":3}}]},"4":{"loc":{"start":{"line":12,"column":6},"end":{"line":12,"column":47}},"type":"binary-expr","locations":[{"start":{"line":12,"column":6},"end":{"line":12,"column":31}},{"start":{"line":12,"column":35},"end":{"line":12,"column":47}}]},"5":{"loc":{"start":{"line":16,"column":2},"end":{"line":18,"column":3}},"type":"if","locations":[{"start":{"line":16,"column":2},"end":{"line":18,"column":3}}]},"6":{"loc":{"start":{"line":16,"column":6},"end":{"line":16,"column":46}},"type":"binary-expr","locations":[{"start":{"line":16,"column":6},"end":{"line":16,"column":26}},{"start":{"line":16,"column":30},"end":{"line":16,"column":46}}]},"7":{"loc":{"start":{"line":30,"column":4},"end":{"line":32,"column":5}},"type":"if","locations":[{"start":{"line":30,"column":4},"end":{"line":32,"column":5}}]},"8":{"loc":{"start":{"line":45,"column":2},"end":{"line":47,"column":3}},"type":"if","locations":[{"start":{"line":45,"column":2},"end":{"line":47,"column":3}}]}},"s":{"0":3,"1":3,"2":35,"3":4,"4":31,"5":2,"6":29,"7":4,"8":25,"9":2,"10":3,"11":3,"12":5,"13":5,"14":3,"15":3,"16":2,"17":2,"18":5,"19":5,"20":4,"21":3,"22":3,"23":3,"24":3,"25":3,"26":3,"27":3,"28":3,"29":1,"30":3,"31":3,"32":3},"f":{"0":35,"1":5,"2":2,"3":5,"4":3},"b":{"0":[4],"1":[2],"2":[31,13],"3":[4],"4":[29,15],"5":[2],"6":[25,3],"7":[4],"8":[1]}}
,"/home/runner/work/fiap_04_dominio/fiap_04_dominio/src/drivers/category/category.controller.ts": {"path":"/home/runner/work/fiap_04_dominio/fiap_04_dominio/src/drivers/category/category.controller.ts","statementMap":{"0":{"start":{"line":1,"column":0},"end":{"line":1,"column":null}},"1":{"start":{"line":12,"column":0},"end":{"line":12,"column":null}},"2":{"start":{"line":23,"column":0},"end":{"line":23,"column":105}},"3":{"start":{"line":24,"column":0},"end":{"line":24,"column":71}},"4":{"start":{"line":25,"column":0},"end":{"line":25,"column":84}},"5":{"start":{"line":26,"column":0},"end":{"line":26,"column":81}},"6":{"start":{"line":37,"column":7},"end":{"line":161,"column":null}},"7":{"start":{"line":38,"column":31},"end":{"line":38,"column":40}},"8":{"start":{"line":67,"column":4},"end":{"line":67,"column":54}},"9":{"start":{"line":90,"column":4},"end":{"line":90,"column":37}},"10":{"start":{"line":135,"column":4},"end":{"line":135,"column":54}},"11":{"start":{"line":158,"column":4},"end":{"line":158,"column":34}},"12":{"start":{"line":159,"column":4},"end":{"line":159,"column":57}},"13":{"start":{"line":37,"column":13},"end":{"line":37,"column":31}},"14":{"start":{"line":66,"column":8},"end":{"line":68,"column":null}},"15":{"start":{"line":89,"column":2},"end":{"line":91,"column":null}},"16":{"start":{"line":131,"column":2},"end":{"line":136,"column":null}},"17":{"start":{"line":157,"column":8},"end":{"line":160,"column":null}},"18":{"start":{"line":37,"column":13},"end":{"line":161,"column":null}}},"fnMap":{"0":{"name":"(anonymous_4)","decl":{"start":{"line":38,"column":2},"end":{"line":38,"column":31}},"loc":{"start":{"line":38,"column":65},"end":{"line":38,"column":69}}},"1":{"name":"(anonymous_5)","decl":{"start":{"line":66,"column":2},"end":{"line":66,"column":7}},"loc":{"start":{"line":66,"column":59},"end":{"line":68,"column":3}}},"2":{"name":"(anonymous_6)","decl":{"start":{"line":89,"column":2},"end":{"line":89,"column":9}},"loc":{"start":{"line":89,"column":33},"end":{"line":91,"column":3}}},"3":{"name":"(anonymous_7)","decl":{"start":{"line":131,"column":2},"end":{"line":131,"column":8}},"loc":{"start":{"line":133,"column":48},"end":{"line":136,"column":3}}},"4":{"name":"(anonymous_8)","decl":{"start":{"line":157,"column":2},"end":{"line":157,"column":7}},"loc":{"start":{"line":157,"column":65},"end":{"line":160,"column":3}}}},"branchMap":{},"s":{"0":1,"1":1,"2":1,"3":1,"4":1,"5":1,"6":1,"7":5,"8":1,"9":1,"10":1,"11":1,"12":1,"13":1,"14":1,"15":1,"16":1,"17":1,"18":1},"f":{"0":5,"1":1,"2":1,"3":1,"4":1},"b":{}}
,"/home/runner/work/fiap_04_dominio/fiap_04_dominio/src/drivers/category/category.module.ts": {"path":"/home/runner/work/fiap_04_dominio/fiap_04_dominio/src/drivers/category/category.module.ts","statementMap":{"0":{"start":{"line":1,"column":0},"end":{"line":1,"column":40}},"1":{"start":{"line":2,"column":0},"end":{"line":2,"column":59}},"2":{"start":{"line":3,"column":0},"end":{"line":3,"column":65}},"3":{"start":{"line":4,"column":0},"end":{"line":4,"column":34}},"4":{"start":{"line":5,"column":0},"end":{"line":5,"column":81}},"5":{"start":{"line":6,"column":0},"end":{"line":6,"column":48}},"6":{"start":{"line":7,"column":0},"end":{"line":7,"column":105}},"7":{"start":{"line":8,"column":0},"end":{"line":8,"column":88}},"8":{"start":{"line":27,"column":7},"end":{"line":27,"column":null}},"9":{"start":{"line":27,"column":13},"end":{"line":27,"column":27}},"10":{"start":{"line":27,"column":13},"end":{"line":27,"column":null}}},"fnMap":{},"branchMap":{},"s":{"0":0,"1":0,"2":0,"3":0,"4":0,"5":0,"6":0,"7":0,"8":0,"9":0,"10":0},"f":{},"b":{}}
,"/home/runner/work/fiap_04_dominio/fiap_04_dominio/src/drivers/category/index.ts": {"path":"/home/runner/work/fiap_04_dominio/fiap_04_dominio/src/drivers/category/index.ts","statementMap":{"0":{"start":{"line":2,"column":0},"end":{"line":2,"column":86}},"1":{"start":{"line":3,"column":0},"end":{"line":3,"column":90}},"2":{"start":{"line":5,"column":13},"end":{"line":10,"column":2}}},"fnMap":{},"branchMap":{},"s":{"0":0,"1":0,"2":0},"f":{},"b":{}}
,"/home/runner/work/fiap_04_dominio/fiap_04_dominio/src/drivers/product/product.controller.ts": {"path":"/home/runner/work/fiap_04_dominio/fiap_04_dominio/src/drivers/product/product.controller.ts","statementMap":{"0":{"start":{"line":1,"column":0},"end":{"line":1,"column":null}},"1":{"start":{"line":12,"column":0},"end":{"line":12,"column":null}},"2":{"start":{"line":22,"column":0},"end":{"line":22,"column":102}},"3":{"start":{"line":23,"column":0},"end":{"line":23,"column":81}},"4":{"start":{"line":24,"column":0},"end":{"line":24,"column":69}},"5":{"start":{"line":25,"column":0},"end":{"line":25,"column":81}},"6":{"start":{"line":36,"column":7},"end":{"line":203,"column":null}},"7":{"start":{"line":37,"column":31},"end":{"line":37,"column":40}},"8":{"start":{"line":71,"column":20},"end":{"line":77,"column":null}},"9":{"start":{"line":79,"column":4},"end":{"line":79,"column":39}},"10":{"start":{"line":80,"column":4},"end":{"line":80,"column":46}},"11":{"start":{"line":104,"column":4},"end":{"line":104,"column":36}},"12":{"start":{"line":128,"column":4},"end":{"line":128,"column":46}},"13":{"start":{"line":177,"column":4},"end":{"line":177,"column":47}},"14":{"start":{"line":200,"column":4},"end":{"line":200,"column":34}},"15":{"start":{"line":201,"column":4},"end":{"line":201,"column":57}},"16":{"start":{"line":36,"column":13},"end":{"line":36,"column":30}},"17":{"start":{"line":70,"column":8},"end":{"line":81,"column":null}},"18":{"start":{"line":103,"column":2},"end":{"line":105,"column":null}},"19":{"start":{"line":127,"column":2},"end":{"line":129,"column":null}},"20":{"start":{"line":176,"column":2},"end":{"line":178,"column":null}},"21":{"start":{"line":199,"column":8},"end":{"line":202,"column":null}},"22":{"start":{"line":36,"column":13},"end":{"line":203,"column":null}}},"fnMap":{"0":{"name":"(anonymous_4)","decl":{"start":{"line":37,"column":2},"end":{"line":37,"column":31}},"loc":{"start":{"line":37,"column":64},"end":{"line":37,"column":68}}},"1":{"name":"(anonymous_5)","decl":{"start":{"line":70,"column":2},"end":{"line":70,"column":7}},"loc":{"start":{"line":70,"column":51},"end":{"line":81,"column":3}}},"2":{"name":"(anonymous_6)","decl":{"start":{"line":103,"column":2},"end":{"line":103,"column":9}},"loc":{"start":{"line":103,"column":33},"end":{"line":105,"column":3}}},"3":{"name":"(anonymous_7)","decl":{"start":{"line":127,"column":2},"end":{"line":127,"column":19}},"loc":{"start":{"line":127,"column":43},"end":{"line":129,"column":3}}},"4":{"name":"(anonymous_8)","decl":{"start":{"line":176,"column":2},"end":{"line":176,"column":8}},"loc":{"start":{"line":176,"column":70},"end":{"line":178,"column":3}}},"5":{"name":"(anonymous_9)","decl":{"start":{"line":199,"column":2},"end":{"line":199,"column":7}},"loc":{"start":{"line":199,"column":65},"end":{"line":202,"column":3}}}},"branchMap":{},"s":{"0":1,"1":1,"2":1,"3":1,"4":1,"5":1,"6":1,"7":6,"8":1,"9":1,"10":1,"11":1,"12":1,"13":1,"14":1,"15":1,"16":1,"17":1,"18":1,"19":1,"20":1,"21":1,"22":1},"f":{"0":6,"1":1,"2":1,"3":1,"4":1,"5":1},"b":{}}
,"/home/runner/work/fiap_04_dominio/fiap_04_dominio/src/drivers/product/product.module.ts": {"path":"/home/runner/work/fiap_04_dominio/fiap_04_dominio/src/drivers/product/product.module.ts","statementMap":{"0":{"start":{"line":1,"column":0},"end":{"line":1,"column":40}},"1":{"start":{"line":2,"column":0},"end":{"line":2,"column":48}},"2":{"start":{"line":3,"column":0},"end":{"line":3,"column":84}},"3":{"start":{"line":4,"column":0},"end":{"line":4,"column":90}},"4":{"start":{"line":5,"column":0},"end":{"line":5,"column":77}},"5":{"start":{"line":6,"column":0},"end":{"line":6,"column":76}},"6":{"start":{"line":7,"column":0},"end":{"line":7,"column":79}},"7":{"start":{"line":8,"column":0},"end":{"line":8,"column":61}},"8":{"start":{"line":9,"column":0},"end":{"line":9,"column":85}},"9":{"start":{"line":10,"column":0},"end":{"line":10,"column":81}},"10":{"start":{"line":11,"column":0},"end":{"line":11,"column":79}},"11":{"start":{"line":12,"column":0},"end":{"line":12,"column":77}},"12":{"start":{"line":13,"column":0},"end":{"line":13,"column":100}},"13":{"start":{"line":14,"column":0},"end":{"line":14,"column":84}},"14":{"start":{"line":79,"column":7},"end":{"line":79,"column":null}},"15":{"start":{"line":79,"column":13},"end":{"line":79,"column":26}},"16":{"start":{"line":79,"column":13},"end":{"line":79,"column":null}}},"fnMap":{},"branchMap":{},"s":{"0":0,"1":0,"2":0,"3":0,"4":0,"5":0,"6":0,"7":0,"8":0,"9":0,"10":0,"11":0,"12":0,"13":0,"14":0,"15":0,"16":0},"f":{},"b":{}}
,"/home/runner/work/fiap_04_dominio/fiap_04_dominio/src/system/config/postgres.config.service.ts": {"path":"/home/runner/work/fiap_04_dominio/fiap_04_dominio/src/system/config/postgres.config.service.ts","statementMap":{"0":{"start":{"line":1,"column":0},"end":{"line":1,"column":44}},"1":{"start":{"line":2,"column":0},"end":{"line":2,"column":47}},"2":{"start":{"line":6,"column":7},"end":{"line":27,"column":null}},"3":{"start":{"line":7,"column":22},"end":{"line":7,"column":37}},"4":{"start":{"line":10,"column":4},"end":{"line":25,"column":6}},"5":{"start":{"line":6,"column":13},"end":{"line":6,"column":34}},"6":{"start":{"line":6,"column":13},"end":{"line":27,"column":null}}},"fnMap":{"0":{"name":"(anonymous_2)","decl":{"start":{"line":7,"column":2},"end":{"line":7,"column":22}},"loc":{"start":{"line":7,"column":50},"end":{"line":7,"column":54}}},"1":{"name":"(anonymous_3)","decl":{"start":{"line":9,"column":2},"end":{"line":9,"column":22}},"loc":{"start":{"line":9,"column":22},"end":{"line":26,"column":3}}}},"branchMap":{},"s":{"0":1,"1":1,"2":1,"3":2,"4":1,"5":1,"6":1},"f":{"0":2,"1":1},"b":{}}
,"/home/runner/work/fiap_04_dominio/fiap_04_dominio/src/system/db/data-source-cli.ts": {"path":"/home/runner/work/fiap_04_dominio/fiap_04_dominio/src/system/db/data-source-cli.ts","statementMap":{"0":{"start":{"line":1,"column":0},"end":{"line":1,"column":23}},"1":{"start":{"line":2,"column":0},"end":{"line":2,"column":56}},"2":{"start":{"line":4,"column":45},"end":{"line":13,"column":2}},"3":{"start":{"line":15,"column":19},"end":{"line":15,"column":52}},"4":{"start":{"line":17,"column":0},"end":{"line":17,"column":26}}},"fnMap":{},"branchMap":{},"s":{"0":1,"1":1,"2":1,"3":1,"4":1},"f":{},"b":{}}
,"/home/runner/work/fiap_04_dominio/fiap_04_dominio/src/system/decorator/public.ts": {"path":"/home/runner/work/fiap_04_dominio/fiap_04_dominio/src/system/decorator/public.ts","statementMap":{"0":{"start":{"line":1,"column":0},"end":{"line":1,"column":45}},"1":{"start":{"line":3,"column":13},"end":{"line":3,"column":40}},"2":{"start":{"line":4,"column":22},"end":{"line":4,"column":60}},"3":{"start":{"line":4,"column":28},"end":{"line":4,"column":60}},"4":{"start":{"line":4,"column":13},"end":{"line":4,"column":22}}},"fnMap":{"0":{"name":"(anonymous_0)","decl":{"start":{"line":4,"column":22},"end":{"line":4,"column":25}},"loc":{"start":{"line":4,"column":28},"end":{"line":4,"column":60}}}},"branchMap":{},"s":{"0":1,"1":1,"2":1,"3":0,"4":1},"f":{"0":0},"b":{}}
,"/home/runner/work/fiap_04_dominio/fiap_04_dominio/src/system/dto/message.dto.ts": {"path":"/home/runner/work/fiap_04_dominio/fiap_04_dominio/src/system/dto/message.dto.ts","statementMap":{"0":{"start":{"line":1,"column":0},"end":{"line":1,"column":46}},"1":{"start":{"line":3,"column":0},"end":{"line":3,"column":13}},"2":{"start":{"line":5,"column":2},"end":{"line":5,"column":null}}},"fnMap":{},"branchMap":{},"s":{"0":1,"1":1,"2":1},"f":{},"b":{}}
,"/home/runner/work/fiap_04_dominio/fiap_04_dominio/src/system/filtros/business-rule-exception.ts": {"path":"/home/runner/work/fiap_04_dominio/fiap_04_dominio/src/system/filtros/business-rule-exception.ts","statementMap":{"0":{"start":{"line":4,"column":4},"end":{"line":4,"column":53}},"1":{"start":{"line":5,"column":4},"end":{"line":5,"column":33}},"2":{"start":{"line":1,"column":0},"end":{"line":1,"column":13}}},"fnMap":{"0":{"name":"(anonymous_0)","decl":{"start":{"line":3,"column":2},"end":{"line":3,"column":14}},"loc":{"start":{"line":3,"column":48},"end":{"line":6,"column":3}}}},"branchMap":{"0":{"loc":{"start":{"line":3,"column":32},"end":{"line":3,"column":48}},"type":"default-arg","locations":[{"start":{"line":3,"column":45},"end":{"line":3,"column":48}}]},"1":{"loc":{"start":{"line":4,"column":10},"end":{"line":4,"column":51}},"type":"binary-expr","locations":[{"start":{"line":4,"column":10},"end":{"line":4,"column":17}},{"start":{"line":4,"column":21},"end":{"line":4,"column":51}}]}},"s":{"0":28,"1":28,"2":7},"f":{"0":28},"b":{"0":[27],"1":[28,0]}}
,"/home/runner/work/fiap_04_dominio/fiap_04_dominio/src/system/filtros/filter-exception-global.ts": {"path":"/home/runner/work/fiap_04_dominio/fiap_04_dominio/src/system/filtros/filter-exception-global.ts","statementMap":{"0":{"start":{"line":1,"column":0},"end":{"line":1,"column":null}},"1":{"start":{"line":8,"column":0},"end":{"line":8,"column":47}},"2":{"start":{"line":9,"column":0},"end":{"line":9,"column":66}},"3":{"start":{"line":10,"column":0},"end":{"line":10,"column":46}},"4":{"start":{"line":12,"column":0},"end":{"line":12,"column":13}},"5":{"start":{"line":14,"column":2},"end":{"line":14,"column":null}},"6":{"start":{"line":16,"column":2},"end":{"line":16,"column":null}},"7":{"start":{"line":18,"column":2},"end":{"line":18,"column":null}},"8":{"start":{"line":22,"column":7},"end":{"line":59,"column":null}},"9":{"start":{"line":23,"column":22},"end":{"line":23,"column":35}},"10":{"start":{"line":26,"column":4},"end":{"line":26,"column":25}},"11":{"start":{"line":27,"column":28},"end":{"line":27,"column":44}},"12":{"start":{"line":29,"column":21},"end":{"line":29,"column":40}},"13":{"start":{"line":30,"column":21},"end":{"line":30,"column":43}},"14":{"start":{"line":31,"column":23},"end":{"line":31,"column":44}},"15":{"start":{"line":33,"column":17},"end":{"line":33,"column":49}},"16":{"start":{"line":34,"column":34},"end":{"line":37,"column":6}},"17":{"start":{"line":39,"column":4},"end":{"line":48,"column":5}},"18":{"start":{"line":40,"column":27},"end":{"line":40,"column":59}},"19":{"start":{"line":42,"column":6},"end":{"line":42,"column":75}},"20":{"start":{"line":43,"column":6},"end":{"line":47,"column":8}},"21":{"start":{"line":50,"column":4},"end":{"line":55,"column":5}},"22":{"start":{"line":51,"column":6},"end":{"line":51,"column":35}},"23":{"start":{"line":52,"column":6},"end":{"line":54,"column":8}},"24":{"start":{"line":57,"column":4},"end":{"line":57,"column":46}},"25":{"start":{"line":22,"column":13},"end":{"line":22,"column":34}},"26":{"start":{"line":22,"column":13},"end":{"line":59,"column":null}}},"fnMap":{"0":{"name":"(anonymous_2)","decl":{"start":{"line":23,"column":2},"end":{"line":23,"column":22}},"loc":{"start":{"line":23,"column":50},"end":{"line":23,"column":54}}},"1":{"name":"(anonymous_3)","decl":{"start":{"line":25,"column":2},"end":{"line":25,"column":7}},"loc":{"start":{"line":25,"column":45},"end":{"line":58,"column":3}}}},"branchMap":{"0":{"loc":{"start":{"line":39,"column":4},"end":{"line":48,"column":5}},"type":"if","locations":[{"start":{"line":39,"column":4},"end":{"line":48,"column":5}}]},"1":{"loc":{"start":{"line":42,"column":15},"end":{"line":42,"column":74}},"type":"binary-expr","locations":[{"start":{"line":42,"column":15},"end":{"line":42,"column":38}},{"start":{"line":42,"column":42},"end":{"line":42,"column":74}}]},"2":{"loc":{"start":{"line":50,"column":4},"end":{"line":55,"column":5}},"type":"if","locations":[{"start":{"line":50,"column":4},"end":{"line":55,"column":5}}]}},"s":{"0":3,"1":3,"2":3,"3":3,"4":3,"5":3,"6":3,"7":3,"8":3,"9":4,"10":3,"11":3,"12":3,"13":3,"14":3,"15":3,"16":3,"17":3,"18":1,"19":1,"20":1,"21":3,"22":1,"23":1,"24":3,"25":3,"26":3},"f":{"0":4,"1":3},"b":{"0":[1],"1":[1,0],"2":[1]}}
,"/home/runner/work/fiap_04_dominio/fiap_04_dominio/src/system/guards/authGuard.ts": {"path":"/home/runner/work/fiap_04_dominio/fiap_04_dominio/src/system/guards/authGuard.ts","statementMap":{"0":{"start":{"line":1,"column":0},"end":{"line":1,"column":null}},"1":{"start":{"line":7,"column":0},"end":{"line":7,"column":41}},"2":{"start":{"line":9,"column":0},"end":{"line":9,"column":63}},"3":{"start":{"line":10,"column":0},"end":{"line":10,"column":52}},"4":{"start":{"line":13,"column":7},"end":{"line":39,"column":null}},"5":{"start":{"line":14,"column":22},"end":{"line":14,"column":33}},"6":{"start":{"line":18,"column":4},"end":{"line":37,"column":5}},"7":{"start":{"line":19,"column":23},"end":{"line":21,"column":null}},"8":{"start":{"line":23,"column":6},"end":{"line":25,"column":7}},"9":{"start":{"line":24,"column":8},"end":{"line":24,"column":20}},"10":{"start":{"line":26,"column":22},"end":{"line":26,"column":57}},"11":{"start":{"line":27,"column":20},"end":{"line":27,"column":43}},"12":{"start":{"line":29,"column":6},"end":{"line":31,"column":7}},"13":{"start":{"line":30,"column":8},"end":{"line":30,"column":64}},"14":{"start":{"line":32,"column":6},"end":{"line":32,"column":27}},"15":{"start":{"line":34,"column":6},"end":{"line":34,"column":18}},"16":{"start":{"line":36,"column":6},"end":{"line":36,"column":56}},"17":{"start":{"line":13,"column":13},"end":{"line":13,"column":22}},"18":{"start":{"line":13,"column":13},"end":{"line":39,"column":null}}},"fnMap":{"0":{"name":"(anonymous_2)","decl":{"start":{"line":14,"column":2},"end":{"line":14,"column":22}},"loc":{"start":{"line":14,"column":42},"end":{"line":14,"column":46}}},"1":{"name":"(anonymous_3)","decl":{"start":{"line":15,"column":2},"end":{"line":15,"column":13}},"loc":{"start":{"line":16,"column":29},"end":{"line":38,"column":3}}}},"branchMap":{"0":{"loc":{"start":{"line":23,"column":6},"end":{"line":25,"column":7}},"type":"if","locations":[{"start":{"line":23,"column":6},"end":{"line":25,"column":7}}]},"1":{"loc":{"start":{"line":29,"column":6},"end":{"line":31,"column":7}},"type":"if","locations":[{"start":{"line":29,"column":6},"end":{"line":31,"column":7}}]}},"s":{"0":1,"1":1,"2":1,"3":1,"4":1,"5":4,"6":3,"7":3,"8":3,"9":1,"10":2,"11":2,"12":2,"13":0,"14":2,"15":1,"16":1,"17":1,"18":1},"f":{"0":4,"1":3},"b":{"0":[1],"1":[0]}}
}
