TN:
SF:src/app.module.ts
FNF:0
FNH:0
DA:1,0
DA:2,0
DA:3,0
DA:4,0
DA:5,0
DA:6,0
DA:7,0
DA:8,0
DA:30,0
LF:9
LH:0
BRF:0
BRH:0
end_of_record
TN:
SF:src/main.ts
FN:5,bootstrap
FNF:1
FNH:0
FNDA:0,bootstrap
DA:1,0
DA:2,0
DA:3,0
DA:5,0
DA:6,0
DA:8,0
DA:23,0
DA:24,0
DA:26,0
DA:28,0
LF:10
LH:0
BRF:0
BRH:0
end_of_record
TN:
SF:src/adapters/adapters.module.ts
FNF:0
FNH:0
DA:1,0
DA:2,0
DA:3,0
DA:8,0
LF:4
LH:0
BRF:0
BRH:0
end_of_record
TN:
SF:src/adapters/category/controller/CategoryAdapterController.ts
FN:10,(anonymous_2)
FN:16,(anonymous_3)
FN:22,(anonymous_4)
FN:26,(anonymous_5)
FN:31,(anonymous_6)
FN:35,(anonymous_7)
FNF:6
FNH:6
FNDA:6,(anonymous_2)
FNDA:1,(anonymous_3)
FNDA:1,(anonymous_4)
FNDA:1,(anonymous_5)
FNDA:1,(anonymous_6)
FNDA:1,(anonymous_7)
DA:1,2
DA:3,2
DA:4,2
DA:6,2
DA:9,2
DA:11,6
DA:12,6
DA:13,6
DA:17,1
DA:18,1
DA:19,1
DA:23,1
DA:24,1
DA:27,1
DA:28,1
DA:32,1
DA:36,1
DA:37,1
DA:38,1
LF:19
LH:19
BRF:0
BRH:0
end_of_record
TN:
SF:src/adapters/category/dto/category.dto.ts
FNF:0
FNH:0
DA:1,2
DA:2,2
DA:4,2
DA:6,2
LF:4
LH:4
BRF:0
BRH:0
end_of_record
TN:
SF:src/adapters/category/dto/create-category.dto.ts
FNF:0
FNH:0
DA:1,2
DA:3,2
DA:14,2
DA:26,2
LF:4
LH:4
BRF:0
BRH:0
end_of_record
TN:
SF:src/adapters/category/gateway/Category.entity.ts
FN:15,(anonymous_2)
FN:15,(anonymous_3)
FNF:2
FNH:0
FNDA:0,(anonymous_2)
FNDA:0,(anonymous_3)
DA:1,2
DA:2,2
DA:5,2
DA:7,2
DA:10,2
DA:13,2
DA:15,0
DA:16,2
LF:8
LH:7
BRF:0
BRH:0
end_of_record
TN:
SF:src/adapters/category/gateway/CategoryGateway.ts
FN:11,(anonymous_4)
FN:16,(anonymous_5)
FN:22,(anonymous_6)
FN:36,(anonymous_7)
FN:42,(anonymous_8)
FN:50,(anonymous_9)
FN:55,(anonymous_10)
FN:64,(anonymous_11)
FN:71,(anonymous_12)
FN:77,(anonymous_13)
FN:99,(anonymous_14)
FNF:11
FNH:9
FNDA:10,(anonymous_4)
FNDA:1,(anonymous_5)
FNDA:2,(anonymous_6)
FNDA:1,(anonymous_7)
FNDA:0,(anonymous_8)
FNDA:2,(anonymous_9)
FNDA:2,(anonymous_10)
FNDA:1,(anonymous_11)
FNDA:4,(anonymous_12)
FNDA:0,(anonymous_13)
FNDA:1,(anonymous_14)
DA:1,1
DA:2,1
DA:4,1
DA:5,1
DA:6,1
DA:8,1
DA:10,1
DA:13,10
DA:17,1
DA:18,1
DA:19,1
DA:23,2
DA:29,2
DA:30,1
DA:32,1
DA:33,1
DA:37,1
DA:38,1
DA:39,1
DA:43,0
DA:44,0
DA:45,0
DA:47,0
DA:51,2
DA:52,1
DA:56,2
DA:57,1
DA:58,1
DA:59,1
DA:60,1
DA:61,1
DA:65,1
DA:66,1
DA:67,1
DA:68,1
DA:72,4
DA:73,0
DA:75,4
DA:76,4
DA:77,1
DA:78,0
DA:90,4
DA:96,4
DA:100,1
DA:101,1
LF:45
LH:39
BRDA:29,0,0,1
BRDA:44,1,0,0
BRDA:72,2,0,0
BRDA:76,3,0,1
BRF:4
BRH:2
end_of_record
TN:
SF:src/adapters/category/gateway/index.ts
FNF:0
FNH:0
DA:2,0
DA:3,0
DA:5,0
LF:3
LH:0
BRF:0
BRH:0
end_of_record
TN:
SF:src/adapters/category/presenter/CategoryPresenter.ts
FN:7,(anonymous_1)
FNF:1
FNH:0
FNDA:0,(anonymous_1)
DA:1,2
DA:3,2
DA:6,2
DA:8,0
DA:9,0
DA:10,0
DA:11,0
DA:12,0
LF:8
LH:3
BRF:0
BRH:0
end_of_record
TN:
SF:src/adapters/product/controller/ProductAdapterController.ts
FN:9,(anonymous_2)
FN:15,(anonymous_3)
FN:21,(anonymous_4)
FN:25,(anonymous_5)
FN:29,(anonymous_6)
FN:34,(anonymous_7)
FNF:6
FNH:6
FNDA:6,(anonymous_2)
FNDA:1,(anonymous_3)
FNDA:1,(anonymous_4)
FNDA:1,(anonymous_5)
FNDA:1,(anonymous_6)
FNDA:1,(anonymous_7)
DA:1,2
DA:2,2
DA:3,2
DA:5,2
DA:8,2
DA:10,6
DA:11,6
DA:12,6
DA:16,1
DA:17,1
DA:18,1
DA:22,1
DA:26,1
DA:30,1
DA:31,1
DA:35,1
LF:16
LH:16
BRF:0
BRH:0
end_of_record
TN:
SF:src/adapters/product/dto/create-product.dto.ts
FNF:0
FNH:0
DA:1,4
DA:3,4
DA:5,4
DA:8,4
DA:11,4
DA:14,4
DA:17,4
LF:7
LH:7
BRF:0
BRH:0
end_of_record
TN:
SF:src/adapters/product/gateway/Product.entity.ts
FN:33,(anonymous_2)
FN:33,(anonymous_3)
FNF:2
FNH:0
FNDA:0,(anonymous_2)
FNDA:0,(anonymous_3)
DA:1,2
DA:2,2
DA:11,2
DA:13,2
DA:16,2
DA:19,2
DA:28,2
DA:31,2
DA:33,0
DA:35,2
LF:10
LH:9
BRF:0
BRH:0
end_of_record
TN:
SF:src/adapters/product/gateway/ProductGateway.ts
FN:9,(anonymous_4)
FN:14,(anonymous_5)
FN:20,(anonymous_6)
FN:25,(anonymous_7)
FN:29,(anonymous_8)
FN:42,(anonymous_9)
FN:49,(anonymous_10)
FN:54,(anonymous_11)
FN:68,(anonymous_12)
FN:80,(anonymous_13)
FNF:10
FNH:9
FNDA:8,(anonymous_4)
FNDA:1,(anonymous_5)
FNDA:2,(anonymous_6)
FNDA:0,(anonymous_7)
FNDA:1,(anonymous_8)
FNDA:1,(anonymous_9)
FNDA:1,(anonymous_10)
FNDA:2,(anonymous_11)
FNDA:1,(anonymous_12)
FNDA:4,(anonymous_13)
DA:1,1
DA:2,1
DA:4,1
DA:5,1
DA:8,1
DA:11,8
DA:15,1
DA:16,1
DA:17,1
DA:18,1
DA:21,2
DA:22,2
DA:26,0
DA:30,1
DA:31,1
DA:32,1
DA:34,0
DA:38,0
DA:43,1
DA:44,1
DA:45,1
DA:46,1
DA:47,1
DA:50,1
DA:51,1
DA:54,1
DA:55,2
DA:63,2
DA:65,1
DA:69,1
DA:77,1
DA:81,4
DA:82,1
DA:84,3
DA:92,3
LF:35
LH:32
BRDA:34,0,0,0
BRDA:35,1,0,0
BRDA:35,1,1,0
BRDA:81,2,0,1
BRF:4
BRH:1
end_of_record
TN:
SF:src/adapters/product/presenter/ProductPresenter.ts
FN:7,(anonymous_1)
FN:17,(anonymous_2)
FNF:2
FNH:2
FNDA:1,(anonymous_1)
FNDA:2,(anonymous_2)
DA:1,3
DA:3,3
DA:6,3
DA:8,1
DA:9,1
DA:10,1
DA:11,1
DA:12,1
DA:13,1
DA:14,1
DA:18,2
LF:11
LH:11
BRF:0
BRH:0
end_of_record
TN:
SF:src/application/application.module.ts
FNF:0
FNH:0
DA:1,0
DA:8,0
LF:2
LH:0
BRF:0
BRH:0
end_of_record
TN:
SF:src/application/category/entites/Category.ts
FN:9,(anonymous_0)
FNF:1
FNH:1
FNDA:14,(anonymous_0)
DA:3,1
DA:15,14
DA:16,14
DA:17,14
DA:18,14
LF:5
LH:5
BRF:0
BRH:0
end_of_record
TN:
SF:src/application/category/interfaces/ICategoryData.ts
FNF:0
FNH:0
DA:4,3
LF:1
LH:1
BRF:0
BRH:0
end_of_record
TN:
SF:src/application/category/interfaces/ICategoryUseCase.ts
FNF:0
FNH:0
DA:3,3
LF:1
LH:1
BRF:0
BRH:0
end_of_record
TN:
SF:src/application/category/useCases/CategoryUseCase.ts
FN:10,(anonymous_2)
FN:14,(anonymous_3)
FN:19,(anonymous_4)
FN:24,(anonymous_5)
FN:35,(anonymous_6)
FN:47,(anonymous_7)
FN:58,(anonymous_8)
FNF:7
FNH:7
FNDA:9,(anonymous_2)
FNDA:1,(anonymous_3)
FNDA:2,(anonymous_4)
FNDA:4,(anonymous_5)
FNDA:2,(anonymous_6)
FNDA:2,(anonymous_7)
FNDA:1,(anonymous_8)
DA:1,1
DA:4,1
DA:5,1
DA:6,1
DA:9,1
DA:10,9
DA:11,9
DA:15,1
DA:16,1
DA:20,2
DA:21,2
DA:25,4
DA:29,4
DA:33,3
DA:36,2
DA:40,2
DA:44,1
DA:48,2
DA:50,2
DA:51,1
DA:55,1
DA:59,1
DA:60,1
LF:23
LH:23
BRDA:50,0,0,1
BRF:1
BRH:1
end_of_record
TN:
SF:src/application/product/entities/Product.ts
FN:9,(anonymous_0)
FNF:1
FNH:1
FNDA:19,(anonymous_0)
DA:1,4
DA:10,19
DA:11,19
DA:12,19
DA:13,19
DA:14,19
DA:15,19
LF:7
LH:7
BRF:0
BRH:0
end_of_record
TN:
SF:src/application/product/interfaces/IProductData.ts
FNF:0
FNH:0
DA:4,3
LF:1
LH:1
BRF:0
BRH:0
end_of_record
TN:
SF:src/application/product/interfaces/IProductUseCase.ts
FNF:0
FNH:0
DA:3,2
LF:1
LH:1
BRF:0
BRH:0
end_of_record
TN:
SF:src/application/product/useCases/ProductUseCase.ts
FN:11,(anonymous_2)
FN:18,(anonymous_3)
FN:22,(anonymous_4)
FN:27,(anonymous_5)
FN:39,(anonymous_6)
FN:47,(anonymous_7)
FN:60,(anonymous_8)
FNF:7
FNH:7
FNDA:11,(anonymous_2)
FNDA:1,(anonymous_3)
FNDA:3,(anonymous_4)
FNDA:5,(anonymous_5)
FNDA:2,(anonymous_6)
FNDA:2,(anonymous_7)
FNDA:2,(anonymous_8)
DA:1,1
DA:4,1
DA:5,1
DA:6,1
DA:7,1
DA:10,1
DA:12,11
DA:13,11
DA:15,11
DA:19,1
DA:23,3
DA:24,1
DA:28,5
DA:29,3
DA:30,3
DA:31,3
DA:33,3
DA:34,3
DA:35,1
DA:40,2
DA:41,2
DA:42,1
DA:44,1
DA:48,2
DA:49,2
DA:51,1
DA:52,1
DA:57,1
DA:61,2
DA:62,1
LF:30
LH:30
BRDA:34,0,0,1
BRDA:41,1,0,1
BRDA:51,2,0,1
BRF:3
BRH:3
end_of_record
TN:
SF:src/application/service/service.ts
FN:3,(anonymous_0)
FN:6,(anonymous_1)
FN:10,(anonymous_2)
FN:14,(anonymous_3)
FNF:4
FNH:4
FNDA:20,(anonymous_0)
FNDA:18,(anonymous_1)
FNDA:18,(anonymous_2)
FNDA:6,(anonymous_3)
DA:1,2
DA:3,2
DA:4,20
DA:7,18
DA:11,18
DA:15,6
LF:6
LH:6
BRF:0
BRH:0
end_of_record
TN:
SF:src/application/utils/crypto.ts
FN:4,encryptObject
FN:14,decryptObject
FNF:2
FNH:2
FNDA:5,encryptObject
FNDA:3,decryptObject
DA:1,1
DA:4,1
DA:5,5
DA:6,5
DA:11,5
DA:14,1
DA:15,3
DA:19,3
DA:21,3
LF:9
LH:9
BRF:0
BRH:0
end_of_record
TN:
SF:src/application/utils/utils.ts
FN:3,(anonymous_0)
FN:21,(anonymous_1)
FN:26,(anonymous_2)
FN:28,(anonymous_3)
FN:36,(anonymous_4)
FNF:5
FNH:5
FNDA:35,(anonymous_0)
FNDA:5,(anonymous_1)
FNDA:2,(anonymous_2)
FNDA:5,(anonymous_3)
FNDA:3,(anonymous_4)
DA:1,3
DA:3,3
DA:4,35
DA:5,4
DA:8,31
DA:9,2
DA:12,29
DA:13,4
DA:16,25
DA:17,2
DA:21,3
DA:22,5
DA:23,5
DA:26,3
DA:27,2
DA:28,2
DA:29,5
DA:30,5
DA:31,4
DA:36,3
DA:37,3
DA:39,3
DA:41,3
DA:42,3
DA:44,3
DA:45,3
DA:46,1
DA:48,3
DA:50,3
LF:29
LH:29
BRDA:4,0,0,4
BRDA:8,1,0,2
BRDA:8,2,0,31
BRDA:8,2,1,13
BRDA:12,3,0,4
BRDA:12,4,0,29
BRDA:12,4,1,15
BRDA:16,5,0,2
BRDA:16,6,0,25
BRDA:16,6,1,3
BRDA:30,7,0,4
BRDA:45,8,0,1
BRF:12
BRH:12
end_of_record
TN:
SF:src/drivers/category/category.controller.ts
FN:38,(anonymous_4)
FN:66,(anonymous_5)
FN:89,(anonymous_6)
FN:131,(anonymous_7)
FN:157,(anonymous_8)
FNF:5
FNH:5
FNDA:5,(anonymous_4)
FNDA:1,(anonymous_5)
FNDA:1,(anonymous_6)
FNDA:1,(anonymous_7)
FNDA:1,(anonymous_8)
DA:1,1
DA:12,1
DA:23,1
DA:24,1
DA:25,1
DA:26,1
DA:37,1
DA:38,5
DA:66,1
DA:67,1
DA:89,1
DA:90,1
DA:131,1
DA:135,1
DA:157,1
DA:158,1
DA:159,1
LF:17
LH:17
BRF:0
BRH:0
end_of_record
TN:
SF:src/drivers/category/category.module.ts
FNF:0
FNH:0
DA:1,0
DA:2,0
DA:3,0
DA:4,0
DA:5,0
DA:6,0
DA:7,0
DA:8,0
DA:27,0
LF:9
LH:0
BRF:0
BRH:0
end_of_record
TN:
SF:src/drivers/category/index.ts
FNF:0
FNH:0
DA:2,0
DA:3,0
DA:5,0
LF:3
LH:0
BRF:0
BRH:0
end_of_record
TN:
SF:src/drivers/product/product.controller.ts
FN:37,(anonymous_4)
FN:70,(anonymous_5)
FN:103,(anonymous_6)
FN:127,(anonymous_7)
FN:176,(anonymous_8)
FN:199,(anonymous_9)
FNF:6
FNH:6
FNDA:6,(anonymous_4)
FNDA:1,(anonymous_5)
FNDA:1,(anonymous_6)
FNDA:1,(anonymous_7)
FNDA:1,(anonymous_8)
FNDA:1,(anonymous_9)
DA:1,1
DA:12,1
DA:22,1
DA:23,1
DA:24,1
DA:25,1
DA:36,1
DA:37,6
DA:70,1
DA:71,1
DA:79,1
DA:80,1
DA:103,1
DA:104,1
DA:127,1
DA:128,1
DA:176,1
DA:177,1
DA:199,1
DA:200,1
DA:201,1
LF:21
LH:21
BRF:0
BRH:0
end_of_record
TN:
SF:src/drivers/product/product.module.ts
FNF:0
FNH:0
DA:1,0
DA:2,0
DA:3,0
DA:4,0
DA:5,0
DA:6,0
DA:7,0
DA:8,0
DA:9,0
DA:10,0
DA:11,0
DA:12,0
DA:13,0
DA:14,0
DA:79,0
LF:15
LH:0
BRF:0
BRH:0
end_of_record
TN:
SF:src/system/config/postgres.config.service.ts
FN:7,(anonymous_2)
FN:9,(anonymous_3)
FNF:2
FNH:2
FNDA:2,(anonymous_2)
FNDA:1,(anonymous_3)
DA:1,1
DA:2,1
DA:6,1
DA:7,2
DA:10,1
LF:5
LH:5
BRF:0
BRH:0
end_of_record
TN:
SF:src/system/db/data-source-cli.ts
FNF:0
FNH:0
DA:1,1
DA:2,1
DA:4,1
DA:15,1
DA:17,1
LF:5
LH:5
BRF:0
BRH:0
end_of_record
TN:
SF:src/system/decorator/public.ts
FN:4,(anonymous_0)
FNF:1
FNH:0
FNDA:0,(anonymous_0)
DA:1,1
DA:3,1
DA:4,1
LF:3
LH:3
BRF:0
BRH:0
end_of_record
TN:
SF:src/system/dto/message.dto.ts
FNF:0
FNH:0
DA:1,1
DA:3,1
DA:5,1
LF:3
LH:3
BRF:0
BRH:0
end_of_record
TN:
SF:src/system/filtros/business-rule-exception.ts
FN:3,(anonymous_0)
FNF:1
FNH:1
FNDA:28,(anonymous_0)
DA:1,7
DA:4,28
DA:5,28
LF:3
LH:3
BRDA:3,0,0,27
BRDA:4,1,0,28
BRDA:4,1,1,0
BRF:3
BRH:2
end_of_record
TN:
SF:src/system/filtros/filter-exception-global.ts
FN:23,(anonymous_2)
FN:25,(anonymous_3)
FNF:2
FNH:2
FNDA:4,(anonymous_2)
FNDA:3,(anonymous_3)
DA:1,3
DA:8,3
DA:9,3
DA:10,3
DA:12,3
DA:14,3
DA:16,3
DA:18,3
DA:22,3
DA:23,4
DA:26,3
DA:27,3
DA:29,3
DA:30,3
DA:31,3
DA:33,3
DA:34,3
DA:39,3
DA:40,1
DA:42,1
DA:43,1
DA:50,3
DA:51,1
DA:52,1
DA:57,3
LF:25
LH:25
BRDA:39,0,0,1
BRDA:42,1,0,1
BRDA:42,1,1,0
BRDA:50,2,0,1
BRF:4
BRH:3
end_of_record
TN:
SF:src/system/guards/authGuard.ts
FN:14,(anonymous_2)
FN:15,(anonymous_3)
FNF:2
FNH:2
FNDA:4,(anonymous_2)
FNDA:3,(anonymous_3)
DA:1,1
DA:7,1
DA:9,1
DA:10,1
DA:13,1
DA:14,4
DA:18,3
DA:19,3
DA:23,3
DA:24,1
DA:26,2
DA:27,2
DA:29,2
DA:30,0
DA:32,2
DA:34,1
DA:36,1
LF:17
LH:16
BRDA:23,0,0,1
BRDA:29,1,0,0
BRF:2
BRH:1
end_of_record
